2024-11-16 16:15:44,545 mloop                INFO     M-LOOP version 3.3.5
2024-11-16 16:15:44,545 mloop                DEBUG    M-LOOP Logger configured.
2024-11-16 16:15:44,545 mloop.interfaces     DEBUG    Creating interface.
2024-11-16 16:15:44,545 mloop.controllers    DEBUG    Controller init completed.
2024-11-16 16:15:44,545 mloop.learners.1     DEBUG    Learner init completed.
2024-11-16 16:15:44,545 mloop.learners.1     DEBUG    NelderØCMead learner init completed.
2024-11-16 16:15:44,555 mloop.controllers    INFO     Optimization started.
2024-11-16 16:15:44,555 mloop.learners.1     INFO     Starting NelderØCMead Learner
2024-11-16 16:15:44,557 mloop.interfaces     DEBUG    Entering main loop of interface.
2024-11-16 16:15:44,557 mloop.controllers    DEBUG    Start controller loop.
2024-11-16 16:15:44,557 mloop.controllers    INFO     Run: 0
2024-11-16 16:15:44,557 mloop.controllers    INFO     params [-8.60776554 -9.65199299 -6.8052821  -6.71259087]
2024-11-16 16:15:44,606 mloop.controllers    INFO     cost 751.3449918620091 +/- 0.1
2024-11-16 16:15:44,606 mloop.controllers    INFO     Run: 1
2024-11-16 16:15:44,606 mloop.controllers    INFO     params [ 3.39223446 -9.65199299 -6.8052821  -6.71259087]
2024-11-16 16:15:44,653 mloop.controllers    INFO     cost 548.095854846485 +/- 0.1
2024-11-16 16:15:44,655 mloop.controllers    INFO     Run: 2
2024-11-16 16:15:44,655 mloop.controllers    INFO     params [-8.60776554  2.34800701 -6.8052821  -6.71259087]
2024-11-16 16:15:44,701 mloop.controllers    INFO     cost 472.45293068071635 +/- 0.1
2024-11-16 16:15:44,701 mloop.controllers    INFO     Run: 3
2024-11-16 16:15:44,701 mloop.controllers    INFO     params [-8.60776554 -9.65199299  5.1947179  -6.71259087]
2024-11-16 16:15:44,748 mloop.controllers    INFO     cost 708.2892489500058 +/- 0.1
2024-11-16 16:15:44,748 mloop.controllers    INFO     Run: 4
2024-11-16 16:15:44,748 mloop.controllers    INFO     params [-8.60776554 -9.65199299 -6.8052821   5.28740913]
2024-11-16 16:15:44,796 mloop.controllers    INFO     cost 686.1893868679775 +/- 0.1
2024-11-16 16:15:44,796 mloop.controllers    INFO     Run: 5
2024-11-16 16:15:44,796 mloop.controllers    INFO     params [-2.60776554 -3.65199299 -0.8052821  -0.71259087]
2024-11-16 16:15:44,844 mloop.controllers    INFO     cost 311.9898884747914 +/- 0.1
2024-11-16 16:15:44,846 mloop.controllers    INFO     Run: 6
2024-11-16 16:15:44,846 mloop.controllers    INFO     params [ 0.39223446 -0.65199299  2.1947179   2.28740913]
2024-11-16 16:15:44,891 mloop.controllers    INFO     cost 207.17036591057894 +/- 0.1
2024-11-16 16:15:44,891 mloop.controllers    INFO     Run: 7
2024-11-16 16:15:44,891 mloop.learners.1     DEBUG    Hit boundary (reflect): 1 times.
2024-11-16 16:15:44,891 mloop.controllers    INFO     params [-5.98276554 -7.02699299  0.3197179  -4.08759087]
2024-11-16 16:15:44,940 mloop.controllers    INFO     cost 496.4016979671709 +/- 0.1
2024-11-16 16:15:44,940 mloop.controllers    INFO     Run: 8
2024-11-16 16:15:44,940 mloop.learners.1     DEBUG    Hit boundary (reflect): 2 times.
2024-11-16 16:15:44,940 mloop.controllers    INFO     params [-5.65464054 -6.69886799 -4.7896571   0.74053413]
2024-11-16 16:15:44,987 mloop.controllers    INFO     cost 478.8496849161867 +/- 0.1
2024-11-16 16:15:44,987 mloop.controllers    INFO     Run: 9
2024-11-16 16:15:44,987 mloop.learners.1     DEBUG    Hit boundary (reflect): 3 times.
2024-11-16 16:15:44,987 mloop.controllers    INFO     params [-0.78549992 -6.32972737 -4.53770398 -4.32782525]
2024-11-16 16:15:45,036 mloop.controllers    INFO     cost 417.5059025577132 +/- 0.1
2024-11-16 16:15:45,036 mloop.controllers    INFO     Run: 10
2024-11-16 16:15:45,036 mloop.controllers    INFO     params [-1.34507023  1.36070232 -7.28868054  0.08135444]
2024-11-16 16:15:45,083 mloop.controllers    INFO     cost 254.049193240645 +/- 0.1
2024-11-16 16:15:45,086 mloop.controllers    INFO     Run: 11
2024-11-16 16:15:45,086 mloop.controllers    INFO     params [ 0.48158993  5.06236248 -3.42881726 -5.07636041]
2024-11-16 16:15:45,133 mloop.controllers    INFO     cost 204.93425910814156 +/- 0.1
2024-11-16 16:15:45,135 mloop.controllers    INFO     Run: 12
2024-11-16 16:15:45,135 mloop.learners.1     DEBUG    Hit boundary (expand): 4 times.
2024-11-16 16:15:45,135 mloop.controllers    INFO     params [ 7.97939266 -2.62733479  0.27504016  3.19487983]
2024-11-16 16:15:45,182 mloop.controllers    INFO     cost 222.6382112570986 +/- 0.1
2024-11-16 16:15:45,182 mloop.controllers    INFO     Run: 13
2024-11-16 16:15:45,182 mloop.controllers    INFO     params [4.53957333 7.90159588 0.41383411 4.57146674]
2024-11-16 16:15:45,230 mloop.controllers    INFO     cost 100.10348603292184 +/- 0.1
2024-11-16 16:15:45,230 mloop.controllers    INFO     Run: 14
2024-11-16 16:15:45,230 mloop.learners.1     DEBUG    Hit boundary (expand): 5 times.
2024-11-16 16:15:45,230 mloop.controllers    INFO     params [8.04146542 3.48161297 7.016068   2.40734321]
2024-11-16 16:15:45,278 mloop.controllers    INFO     cost 170.5140290898076 +/- 0.1
2024-11-16 16:15:45,278 mloop.controllers    INFO     Run: 15
2024-11-16 16:15:45,278 mloop.learners.1     DEBUG    Hit boundary (reflect): 6 times.
2024-11-16 16:15:45,278 mloop.controllers    INFO     params [5.67155422 0.6605299  0.91199542 2.12117225]
2024-11-16 16:15:45,326 mloop.controllers    INFO     cost 149.0691777630583 +/- 0.1
2024-11-16 16:15:45,326 mloop.controllers    INFO     Run: 16
2024-11-16 16:15:45,326 mloop.controllers    INFO     params [ 8.97485699  9.2050436   0.26182224 -0.27559823]
2024-11-16 16:15:45,374 mloop.controllers    INFO     cost 114.45033908961145 +/- 0.1
2024-11-16 16:15:45,375 mloop.controllers    INFO     Run: 17
2024-11-16 16:15:45,376 mloop.learners.1     DEBUG    Hit boundary (reflect): 7 times.
2024-11-16 16:15:45,376 mloop.controllers    INFO     params [ 3.64422621  5.18727903 -0.63894366 -1.43513221]
2024-11-16 16:15:45,421 mloop.controllers    INFO     cost 109.18133702198386 +/- 0.1
2024-11-16 16:15:45,421 mloop.controllers    INFO     Run: 18
2024-11-16 16:15:45,426 mloop.controllers    INFO     params [ 3.37363996  7.99561124 -6.54171394  0.08361107]
2024-11-16 16:15:45,469 mloop.controllers    INFO     cost 161.9261372097659 +/- 0.1
2024-11-16 16:15:45,469 mloop.controllers    INFO     Run: 19
2024-11-16 16:15:45,469 mloop.controllers    INFO     params [ 4.54059632  6.86711167 -3.15226846  0.6645441 ]
2024-11-16 16:15:45,516 mloop.controllers    INFO     cost 117.13556506405875 +/- 0.1
2024-11-16 16:15:45,516 mloop.controllers    INFO     Run: 20
2024-11-16 16:15:45,516 mloop.learners.1     DEBUG    Hit boundary (reflect): 8 times.
2024-11-16 16:15:45,516 mloop.controllers    INFO     params [5.54818372 3.97539372 0.06655324 1.50124618]
2024-11-16 16:15:45,564 mloop.controllers    INFO     cost 106.75261631980257 +/- 0.1
2024-11-16 16:15:45,565 mloop.controllers    INFO     Run: 21
2024-11-16 16:15:45,566 mloop.controllers    INFO     params [6.8128238  6.26754444 3.20390142 1.51644714]
2024-11-16 16:15:45,612 mloop.controllers    INFO     cost 106.39754499674648 +/- 0.1
2024-11-16 16:15:45,612 mloop.controllers    INFO     Run: 22
2024-11-16 16:15:45,616 mloop.controllers    INFO     params [1.29754654 2.46086294 1.26085032 3.35261215]
2024-11-16 16:15:45,659 mloop.controllers    INFO     cost 165.95471331369555 +/- 0.1
2024-11-16 16:15:45,659 mloop.controllers    INFO     Run: 23
2024-11-16 16:15:45,666 mloop.controllers    INFO     params [7.05552938 7.51899843 0.51157926 0.63145437]
2024-11-16 16:15:45,708 mloop.controllers    INFO     cost 98.05903216223322 +/- 0.1
2024-11-16 16:15:45,708 mloop.controllers    INFO     Run: 24
2024-11-16 16:15:45,708 mloop.controllers    INFO     params [8.3338289  7.64448721 2.73687767 5.54543942]
2024-11-16 16:15:45,756 mloop.controllers    INFO     cost 125.80204904971959 +/- 0.1
2024-11-16 16:15:45,756 mloop.controllers    INFO     Run: 25
2024-11-16 16:15:45,756 mloop.controllers    INFO     params [4.81662688 5.80158107 0.20501167 0.3100107 ]
2024-11-16 16:15:45,804 mloop.controllers    INFO     cost 88.08821694065047 +/- 0.1
2024-11-16 16:15:45,806 mloop.controllers    INFO     Run: 26
2024-11-16 16:15:45,806 mloop.controllers    INFO     params [6.06409297 9.76946619 2.10060999 2.0134433 ]
2024-11-16 16:15:45,852 mloop.controllers    INFO     cost 109.60503786930889 +/- 0.1
2024-11-16 16:15:45,852 mloop.controllers    INFO     Run: 27
2024-11-16 16:15:45,856 mloop.controllers    INFO     params [5.67716103 5.42391184 0.57506743 1.62929546]
2024-11-16 16:15:45,900 mloop.controllers    INFO     cost 93.39866833550244 +/- 0.1
2024-11-16 16:15:45,900 mloop.controllers    INFO     Run: 28
2024-11-16 16:15:45,900 mloop.controllers    INFO     params [ 4.23162151  7.05549917 -2.35115519  2.0546665 ]
2024-11-16 16:15:45,949 mloop.controllers    INFO     cost 115.47501543178484 +/- 0.1
2024-11-16 16:15:45,949 mloop.controllers    INFO     Run: 29
2024-11-16 16:15:45,949 mloop.controllers    INFO     params [6.16752323 6.46453312 1.81513727 1.65100198]
2024-11-16 16:15:45,996 mloop.controllers    INFO     cost 99.90088067582204 +/- 0.1
2024-11-16 16:15:45,996 mloop.controllers    INFO     Run: 30
2024-11-16 16:15:45,996 mloop.controllers    INFO     params [ 7.31884693  4.70291636  1.13956371 -2.46058549]
2024-11-16 16:15:46,042 mloop.controllers    INFO     cost 128.44415882570252 +/- 0.1
2024-11-16 16:15:46,042 mloop.controllers    INFO     Run: 31
2024-11-16 16:15:46,046 mloop.controllers    INFO     params [5.23439173 7.101926   0.59526651 2.81345368]
2024-11-16 16:15:46,090 mloop.controllers    INFO     cost 96.3554819920199 +/- 0.1
2024-11-16 16:15:46,090 mloop.controllers    INFO     Run: 32
2024-11-16 16:15:46,090 mloop.controllers    INFO     params [ 5.22433128  6.45867555 -0.87167483  1.04110513]
2024-11-16 16:15:46,138 mloop.controllers    INFO     cost 88.62071216400646 +/- 0.1
2024-11-16 16:15:46,138 mloop.controllers    INFO     Run: 33
2024-11-16 16:15:46,138 mloop.controllers    INFO     params [ 3.42072609  4.87404879 -0.25974387  2.26547812]
2024-11-16 16:15:46,186 mloop.controllers    INFO     cost 113.16803102953398 +/- 0.1
2024-11-16 16:15:46,186 mloop.controllers    INFO     Run: 34
2024-11-16 16:15:46,191 mloop.controllers    INFO     params [6.14682855 6.85776102 0.31874848 1.0399603 ]
2024-11-16 16:15:46,233 mloop.controllers    INFO     cost 89.9350108320375 +/- 0.1
2024-11-16 16:15:46,233 mloop.controllers    INFO     Run: 35
2024-11-16 16:15:46,236 mloop.controllers    INFO     params [ 5.69808215  5.16903874 -0.48169014 -0.80326789]
2024-11-16 16:15:46,281 mloop.controllers    INFO     cost 89.81584852187468 +/- 0.1
2024-11-16 16:15:46,282 mloop.controllers    INFO     Run: 36
2024-11-16 16:15:46,282 mloop.controllers    INFO     params [ 5.2657734   6.71961636 -0.98986984 -0.83539134]
2024-11-16 16:15:46,329 mloop.controllers    INFO     cost 89.40291782742206 +/- 0.1
2024-11-16 16:15:46,329 mloop.controllers    INFO     Run: 37
2024-11-16 16:15:46,329 mloop.controllers    INFO     params [ 4.3555783   5.21669484 -1.38786004 -1.183732  ]
2024-11-16 16:15:46,376 mloop.controllers    INFO     cost 103.52195781544103 +/- 0.1
2024-11-16 16:15:46,376 mloop.controllers    INFO     Run: 38
2024-11-16 16:15:46,376 mloop.controllers    INFO     params [ 5.69901599  6.44749448 -0.10790365  0.48403723]
2024-11-16 16:15:46,426 mloop.controllers    INFO     cost 84.5823413353153 +/- 0.1
2024-11-16 16:15:46,426 mloop.controllers    INFO     Run: 39
2024-11-16 16:15:46,426 mloop.controllers    INFO     params [ 4.80479163  7.54464498 -0.40052819  1.30314875]
2024-11-16 16:15:46,473 mloop.controllers    INFO     cost 94.89408889331524 +/- 0.1
2024-11-16 16:15:46,476 mloop.controllers    INFO     Run: 40
2024-11-16 16:15:46,476 mloop.controllers    INFO     params [ 5.47475952  5.7629403  -0.46139965 -0.27666373]
2024-11-16 16:15:46,522 mloop.controllers    INFO     cost 84.52677813042506 +/- 0.1
2024-11-16 16:15:46,522 mloop.controllers    INFO     Run: 41
2024-11-16 16:15:46,526 mloop.controllers    INFO     params [5.34159344 5.51572934 0.37188661 1.614636  ]
2024-11-16 16:15:46,570 mloop.controllers    INFO     cost 92.28428535154087 +/- 0.1
2024-11-16 16:15:46,570 mloop.controllers    INFO     Run: 42
2024-11-16 16:15:46,570 mloop.controllers    INFO     params [ 5.28472841  6.4186446  -0.64943073 -0.2228845 ]
2024-11-16 16:15:46,618 mloop.controllers    INFO     cost 84.82262277343969 +/- 0.1
2024-11-16 16:15:46,618 mloop.controllers    INFO     Run: 43
2024-11-16 16:15:46,618 mloop.controllers    INFO     params [ 5.41323412  5.75665468  0.36481366 -0.89385528]
2024-11-16 16:15:46,666 mloop.controllers    INFO     cost 88.73928539688195 +/- 0.1
2024-11-16 16:15:46,666 mloop.controllers    INFO     Run: 44
2024-11-16 16:15:46,670 mloop.controllers    INFO     params [ 5.27155699  6.28317033 -0.56255271  0.55736503]
2024-11-16 16:15:46,714 mloop.controllers    INFO     cost 85.35247469382352 +/- 0.1
2024-11-16 16:15:46,715 mloop.controllers    INFO     Run: 45
2024-11-16 16:15:46,715 mloop.controllers    INFO     params [ 6.04840357  6.65454378 -1.09565505 -0.03908369]
2024-11-16 16:15:46,762 mloop.controllers    INFO     cost 87.30236216832223 +/- 0.1
2024-11-16 16:15:46,762 mloop.controllers    INFO     Run: 46
2024-11-16 16:15:46,765 mloop.controllers    INFO     params [ 5.7404594   6.44130311 -0.77048837  0.04818991]
2024-11-16 16:15:46,810 mloop.controllers    INFO     cost 84.57637495209802 +/- 0.1
2024-11-16 16:15:46,810 mloop.controllers    INFO     Run: 47
2024-11-16 16:15:46,810 mloop.controllers    INFO     params [ 5.82792467  6.25202091 -0.43205849 -0.54102557]
2024-11-16 16:15:46,858 mloop.controllers    INFO     cost 84.59032863354219 +/- 0.1
2024-11-16 16:15:46,858 mloop.controllers    INFO     Run: 48
2024-11-16 16:15:46,858 mloop.controllers    INFO     params [ 6.08635138  6.0332348  -0.23649435  0.08015342]
2024-11-16 16:15:46,906 mloop.controllers    INFO     cost 84.25911216363487 +/- 0.1
2024-11-16 16:15:46,906 mloop.controllers    INFO     Run: 49
2024-11-16 16:15:46,906 mloop.controllers    INFO     params [ 6.48716286  5.84052989 -0.03002616  0.23167238]
2024-11-16 16:15:46,954 mloop.controllers    INFO     cost 86.93269030359907 +/- 0.1
2024-11-16 16:15:46,954 mloop.controllers    INFO     Run: 50
2024-11-16 16:15:46,956 mloop.controllers    INFO     params [ 5.67236848  6.09046543 -0.35608452  0.70888399]
2024-11-16 16:15:47,003 mloop.controllers    INFO     cost 84.96219159001129 +/- 0.1
2024-11-16 16:15:47,003 mloop.controllers    INFO     Run: 51
2024-11-16 16:15:47,006 mloop.controllers    INFO     params [ 5.78903562  6.21163204 -0.413065   -0.22854818]
2024-11-16 16:15:47,050 mloop.controllers    INFO     cost 83.67609337949756 +/- 0.1
2024-11-16 16:15:47,050 mloop.controllers    INFO     Run: 52
2024-11-16 16:15:47,050 mloop.controllers    INFO     params [ 5.84628697  5.77706065 -0.83282003 -0.67247152]
2024-11-16 16:15:47,098 mloop.controllers    INFO     cost 86.85157408743319 +/- 0.1
2024-11-16 16:15:47,098 mloop.controllers    INFO     Run: 53
2024-11-16 16:15:47,098 mloop.controllers    INFO     params [ 5.73583373  6.27988602 -0.28913275  0.19491004]
2024-11-16 16:15:47,146 mloop.controllers    INFO     cost 83.62798893786002 +/- 0.1
2024-11-16 16:15:47,146 mloop.controllers    INFO     Run: 54
2024-11-16 16:15:47,146 mloop.controllers    INFO     params [ 5.80253072  5.70254348  0.07044249 -0.16326414]
2024-11-16 16:15:47,193 mloop.controllers    INFO     cost 84.91002411318968 +/- 0.1
2024-11-16 16:15:47,194 mloop.controllers    INFO     Run: 55
2024-11-16 16:15:47,195 mloop.controllers    INFO     params [ 5.75597723e+00  6.25661320e+00 -5.60255651e-01 -4.67360373e-03]
2024-11-16 16:15:47,242 mloop.controllers    INFO     cost 83.7381202664109 +/- 0.1
2024-11-16 16:15:47,242 mloop.controllers    INFO     Run: 56
2024-11-16 16:15:47,245 mloop.controllers    INFO     params [ 6.20883946  6.62774272 -0.28807422  0.29758456]
2024-11-16 16:15:47,286 mloop.controllers    INFO     cost 85.58561866913442 +/- 0.1
2024-11-16 16:15:47,286 mloop.controllers    INFO     Run: 57
2024-11-16 16:15:47,288 mloop.controllers    INFO     params [ 5.6582795   5.97914091 -0.41806829 -0.13310166]
2024-11-16 16:15:47,321 mloop.controllers    INFO     cost 83.64837696157905 +/- 0.1
2024-11-16 16:15:47,321 mloop.controllers    INFO     Run: 58
2024-11-16 16:15:47,325 mloop.controllers    INFO     params [ 5.38321167  6.33040129 -0.60376649 -0.16586012]
2024-11-16 16:15:47,368 mloop.controllers    INFO     cost 84.25065640143886 +/- 0.1
2024-11-16 16:15:47,368 mloop.controllers    INFO     Run: 59
2024-11-16 16:15:47,371 mloop.controllers    INFO     params [ 5.55899659  6.25610966 -0.51194846 -0.10435674]
2024-11-16 16:15:47,417 mloop.controllers    INFO     cost 83.67643714183953 +/- 0.1
2024-11-16 16:15:47,417 mloop.controllers    INFO     Run: 60
2024-11-16 16:15:47,417 mloop.controllers    INFO     params [ 5.61509549  6.10677112 -0.2558516  -0.13087466]
2024-11-16 16:15:47,464 mloop.controllers    INFO     cost 83.48442993520563 +/- 0.1
2024-11-16 16:15:47,464 mloop.controllers    INFO     Run: 61
2024-11-16 16:15:47,466 mloop.controllers    INFO     params [ 5.54465463  6.03185008 -0.10364957 -0.1939752 ]
2024-11-16 16:15:47,511 mloop.controllers    INFO     cost 83.78979744720169 +/- 0.1
2024-11-16 16:15:47,511 mloop.controllers    INFO     Run: 62
2024-11-16 16:15:47,511 mloop.controllers    INFO     params [ 5.84012558  6.03260538 -0.17611036 -0.0444505 ]
2024-11-16 16:15:47,559 mloop.controllers    INFO     cost 83.67432779248476 +/- 0.1
2024-11-16 16:15:47,559 mloop.controllers    INFO     Run: 63
2024-11-16 16:15:47,565 mloop.controllers    INFO     params [ 5.63563154  5.98756967 -0.1565165   0.17178979]
2024-11-16 16:15:47,608 mloop.controllers    INFO     cost 83.74926435785034 +/- 0.1
2024-11-16 16:15:47,608 mloop.controllers    INFO     Run: 64
2024-11-16 16:15:47,608 mloop.controllers    INFO     params [ 5.7506846   6.15561645 -0.34892787 -0.12846369]
2024-11-16 16:15:47,656 mloop.controllers    INFO     cost 83.4905853285031 +/- 0.1
2024-11-16 16:15:47,656 mloop.controllers    INFO     Run: 65
2024-11-16 16:15:47,656 mloop.controllers    INFO     params [ 5.53982108  6.22810187 -0.4798799  -0.05431449]
2024-11-16 16:15:47,703 mloop.controllers    INFO     cost 83.61319622980703 +/- 0.1
2024-11-16 16:15:47,703 mloop.controllers    INFO     Run: 66
2024-11-16 16:15:47,706 mloop.controllers    INFO     params [ 5.66243795  6.40604682 -0.26882776  0.07373026]
2024-11-16 16:15:47,752 mloop.controllers    INFO     cost 83.62728261558664 +/- 0.1
2024-11-16 16:15:47,752 mloop.controllers    INFO     Run: 67
2024-11-16 16:15:47,756 mloop.controllers    INFO     params [ 5.54818583  6.16838211 -0.38761082 -0.31487133]
2024-11-16 16:15:47,800 mloop.controllers    INFO     cost 83.79525163381274 +/- 0.1
2024-11-16 16:15:47,800 mloop.controllers    INFO     Run: 68
2024-11-16 16:15:47,800 mloop.controllers    INFO     params [ 5.68892176  6.25201004 -0.31375226  0.0674647 ]
2024-11-16 16:15:47,848 mloop.controllers    INFO     cost 83.4637061866195 +/- 0.1
2024-11-16 16:15:47,848 mloop.controllers    INFO     Run: 69
2024-11-16 16:15:47,848 mloop.controllers    INFO     params [ 5.63482352  5.96520292 -0.43037805 -0.19682433]
2024-11-16 16:15:47,897 mloop.controllers    INFO     cost 83.7474911679528 +/- 0.1
2024-11-16 16:15:47,897 mloop.controllers    INFO     Run: 70
2024-11-16 16:15:47,897 mloop.controllers    INFO     params [ 5.65553434e+00  6.29583584e+00 -3.09215335e-01  6.09160920e-03]
2024-11-16 16:15:47,943 mloop.controllers    INFO     cost 83.46502215544591 +/- 0.1
2024-11-16 16:15:47,946 mloop.controllers    INFO     Run: 71
2024-11-16 16:15:47,946 mloop.controllers    INFO     params [ 5.81529701  6.17701486 -0.13399364 -0.03857654]
2024-11-16 16:15:47,992 mloop.controllers    INFO     cost 83.61115568778742 +/- 0.1
2024-11-16 16:15:47,992 mloop.controllers    INFO     Run: 72
2024-11-16 16:15:47,995 mloop.controllers    INFO     params [ 5.74642803  6.18978661 -0.2204652  -0.04251102]
2024-11-16 16:15:48,040 mloop.controllers    INFO     cost 83.46592394787324 +/- 0.1
2024-11-16 16:15:48,040 mloop.controllers    INFO     Run: 73
2024-11-16 16:15:48,040 mloop.controllers    INFO     params [ 5.60230521  6.26658536 -0.20071433  0.078549  ]
2024-11-16 16:15:48,088 mloop.controllers    INFO     cost 83.5286412719719 +/- 0.1
2024-11-16 16:15:48,088 mloop.controllers    INFO     Run: 74
2024-11-16 16:15:48,088 mloop.controllers    INFO     params [ 5.71358975  6.18335868 -0.31187449 -0.07671052]
2024-11-16 16:15:48,136 mloop.controllers    INFO     cost 83.43176823673176 +/- 0.1
2024-11-16 16:15:48,136 mloop.controllers    INFO     Run: 75
2024-11-16 16:15:48,137 mloop.controllers    INFO     params [ 5.78714145  6.35372447 -0.32180205  0.10804205]
2024-11-16 16:15:48,186 mloop.controllers    INFO     cost 83.64323480322012 +/- 0.1
2024-11-16 16:15:48,186 mloop.controllers    INFO     Run: 76
2024-11-16 16:15:48,186 mloop.controllers    INFO     params [ 5.65810698  6.16850946 -0.27233921 -0.07114549]
2024-11-16 16:15:48,233 mloop.controllers    INFO     cost 83.42198434876326 +/- 0.1
2024-11-16 16:15:48,235 mloop.controllers    INFO     Run: 77
2024-11-16 16:15:48,235 mloop.controllers    INFO     params [ 5.61164839e+00  6.26007040e+00 -3.83125444e-01  5.36117464e-03]
2024-11-16 16:15:48,281 mloop.controllers    INFO     cost 83.47688177378966 +/- 0.1
2024-11-16 16:15:48,281 mloop.controllers    INFO     Run: 78
2024-11-16 16:15:48,285 mloop.controllers    INFO     params [ 5.71273312  6.20735756 -0.26113026 -0.03054297]
2024-11-16 16:15:48,329 mloop.controllers    INFO     cost 83.43099045951321 +/- 0.1
2024-11-16 16:15:48,329 mloop.controllers    INFO     Run: 79
2024-11-16 16:15:48,329 mloop.controllers    INFO     params [ 5.73114146  6.10978202 -0.27033278 -0.06155875]
2024-11-16 16:15:48,378 mloop.controllers    INFO     cost 83.45433537749102 +/- 0.1
2024-11-16 16:15:48,378 mloop.controllers    INFO     Run: 80
2024-11-16 16:15:48,378 mloop.controllers    INFO     params [ 5.7188639   6.08249382 -0.2440861  -0.18744356]
2024-11-16 16:15:48,426 mloop.controllers    INFO     cost 83.55995472978047 +/- 0.1
2024-11-16 16:15:48,426 mloop.controllers    INFO     Run: 81
2024-11-16 16:15:48,426 mloop.controllers    INFO     params [ 5.69640729e+00  6.20963099e+00 -2.96335724e-01  3.73763188e-03]
2024-11-16 16:15:48,474 mloop.controllers    INFO     cost 83.42291268448547 +/- 0.1
2024-11-16 16:15:48,474 mloop.controllers    INFO     Run: 82
2024-11-16 16:15:48,476 mloop.controllers    INFO     params [ 5.65927711  6.27464632 -0.30050706 -0.02577192]
2024-11-16 16:15:48,521 mloop.controllers    INFO     cost 83.44530203378267 +/- 0.1
2024-11-16 16:15:48,521 mloop.controllers    INFO     Run: 83
2024-11-16 16:15:48,521 mloop.controllers    INFO     params [ 5.6772432   6.23343024 -0.29296349 -0.03471863]
2024-11-16 16:15:48,568 mloop.controllers    INFO     cost 83.42430801003434 +/- 0.1
2024-11-16 16:15:48,568 mloop.controllers    INFO     Run: 84
2024-11-16 16:15:48,568 mloop.controllers    INFO     params [ 5.65865555  6.22610544 -0.24950986  0.01037579]
2024-11-16 16:15:48,616 mloop.controllers    INFO     cost 83.43442687457815 +/- 0.1
2024-11-16 16:15:48,616 mloop.controllers    INFO     Run: 85
2024-11-16 16:15:48,616 mloop.controllers    INFO     params [ 5.6998562   6.19404537 -0.29628333 -0.05493894]
2024-11-16 16:15:48,665 mloop.controllers    INFO     cost 83.42124794690233 +/- 0.1
2024-11-16 16:15:48,665 mloop.controllers    INFO     Run: 86
2024-11-16 16:15:48,665 mloop.controllers    INFO     params [ 5.65307372  6.19545047 -0.31783061 -0.04798974]
2024-11-16 16:15:48,713 mloop.controllers    INFO     cost 83.41617987483227 +/- 0.1
2024-11-16 16:15:48,713 mloop.controllers    INFO     Run: 87
2024-11-16 16:15:48,716 mloop.controllers    INFO     params [ 5.62324402  6.18949692 -0.34618079 -0.05671312]
2024-11-16 16:15:48,761 mloop.controllers    INFO     cost 83.43023091192993 +/- 0.1
2024-11-16 16:15:48,761 mloop.controllers    INFO     Run: 88
2024-11-16 16:15:48,766 mloop.controllers    INFO     params [ 5.6764789   6.1503879  -0.29843095 -0.05044964]
2024-11-16 16:15:48,810 mloop.controllers    INFO     cost 83.41681411725331 +/- 0.1
2024-11-16 16:15:48,810 mloop.controllers    INFO     Run: 89
2024-11-16 16:15:48,810 mloop.controllers    INFO     params [ 5.64735061  6.14456561 -0.29610632 -0.11599953]
2024-11-16 16:15:48,857 mloop.controllers    INFO     cost 83.44456834350666 +/- 0.1
2024-11-16 16:15:48,857 mloop.controllers    INFO     Run: 90
2024-11-16 16:15:48,857 mloop.controllers    INFO     params [ 5.68414312  6.19336464 -0.29627837 -0.02619666]
2024-11-16 16:15:48,906 mloop.controllers    INFO     cost 83.41443414430633 +/- 0.1
2024-11-16 16:15:48,906 mloop.controllers    INFO     Run: 91
2024-11-16 16:15:48,906 mloop.controllers    INFO     params [ 5.69866899  6.19811473 -0.33207242 -0.018642  ]
2024-11-16 16:15:48,955 mloop.controllers    INFO     cost 83.42250704181369 +/- 0.1
2024-11-16 16:15:48,956 mloop.controllers    INFO     Run: 92
2024-11-16 16:15:48,956 mloop.controllers    INFO     params [ 5.66824748  6.17591078 -0.28727251 -0.05801962]
2024-11-16 16:15:49,001 mloop.controllers    INFO     cost 83.41591219083863 +/- 0.1
2024-11-16 16:15:49,002 mloop.controllers    INFO     Run: 93
2024-11-16 16:15:49,002 mloop.controllers    INFO     params [ 5.64111541  6.16351152 -0.30362289 -0.03638888]
2024-11-16 16:15:49,048 mloop.controllers    INFO     cost 83.4145409510813 +/- 0.1
2024-11-16 16:15:49,048 mloop.controllers    INFO     Run: 94
2024-11-16 16:15:49,048 mloop.controllers    INFO     params [ 5.64681097  6.21373081 -0.30407125 -0.03384781]
2024-11-16 16:15:49,096 mloop.controllers    INFO     cost 83.41784595506019 +/- 0.1
2024-11-16 16:15:49,097 mloop.controllers    INFO     Run: 95
2024-11-16 16:15:49,097 mloop.controllers    INFO     params [ 5.66906192  6.16622362 -0.29984102 -0.04629918]
2024-11-16 16:15:49,144 mloop.controllers    INFO     cost 83.41352325298816 +/- 0.1
2024-11-16 16:15:49,146 mloop.controllers    INFO     Run: 96
2024-11-16 16:15:49,146 mloop.controllers    INFO     params [ 5.67821025  6.15405481 -0.27567679 -0.03546243]
2024-11-16 16:15:49,191 mloop.controllers    INFO     cost 83.41687087466406 +/- 0.1
2024-11-16 16:15:49,191 mloop.controllers    INFO     Run: 97
2024-11-16 16:15:49,191 mloop.controllers    INFO     params [ 5.65935785  6.18510155 -0.30729216 -0.04485791]
2024-11-16 16:15:49,239 mloop.controllers    INFO     cost 83.41334141968672 +/- 0.1
2024-11-16 16:15:49,239 mloop.controllers    INFO     Run: 98
2024-11-16 16:15:49,239 mloop.controllers    INFO     params [ 5.65859167  6.1781899  -0.31624471 -0.0188517 ]
2024-11-16 16:15:49,303 mloop.controllers    INFO     cost 83.41275173328617 +/- 0.1
2024-11-16 16:15:49,303 mloop.controllers    INFO     Run: 99
2024-11-16 16:15:49,305 mloop.controllers    INFO     params [ 5.65376376e+00  6.17932946e+00 -3.30730811e-01  7.32253490e-04]
2024-11-16 16:15:49,351 mloop.controllers    INFO     cost 83.4178104247567 +/- 0.1
2024-11-16 16:15:49,351 mloop.controllers    INFO     Run: 100
2024-11-16 16:15:49,351 mloop.controllers    INFO     params [ 5.69446187  6.19792834 -0.30620524 -0.03171384]
2024-11-16 16:15:49,399 mloop.controllers    INFO     cost 83.41750602364733 +/- 0.1
2024-11-16 16:15:49,399 mloop.controllers    INFO     Run: 101
2024-11-16 16:15:49,399 mloop.controllers    INFO     params [ 5.65445202  6.17211573 -0.30426848 -0.03522012]
2024-11-16 16:15:49,447 mloop.controllers    INFO     cost 83.41227947080418 +/- 0.1
2024-11-16 16:15:49,447 mloop.controllers    INFO     Run: 102
2024-11-16 16:15:49,447 mloop.controllers    INFO     params [ 5.63658861  6.15745076 -0.31754481 -0.0464178 ]
2024-11-16 16:15:49,495 mloop.controllers    INFO     cost 83.41834963353475 +/- 0.1
2024-11-16 16:15:49,495 mloop.controllers    INFO     Run: 103
2024-11-16 16:15:49,495 mloop.controllers    INFO     params [ 5.67225449  6.18438617 -0.30159498 -0.03125194]
2024-11-16 16:15:49,559 mloop.controllers    INFO     cost 83.41222173012599 +/- 0.1
2024-11-16 16:15:49,559 mloop.controllers    INFO     Run: 104
2024-11-16 16:15:49,559 mloop.controllers    INFO     params [ 5.6532661   6.19367305 -0.31485914 -0.01879166]
2024-11-16 16:15:49,606 mloop.controllers    INFO     cost 83.41395658013849 +/- 0.1
2024-11-16 16:15:49,606 mloop.controllers    INFO     Run: 105
2024-11-16 16:15:49,610 mloop.controllers    INFO     params [ 5.66511296  6.17308598 -0.30359555 -0.0394223 ]
2024-11-16 16:15:49,655 mloop.controllers    INFO     cost 83.41229070173421 +/- 0.1
2024-11-16 16:15:49,655 mloop.controllers    INFO     Run: 106
2024-11-16 16:15:49,655 mloop.controllers    INFO     params [ 5.66584772  6.16878733 -0.30555971 -0.01751512]
2024-11-16 16:15:49,702 mloop.controllers    INFO     cost 83.41206688142081 +/- 0.1
2024-11-16 16:15:49,702 mloop.controllers    INFO     Run: 107
2024-11-16 16:15:49,706 mloop.controllers    INFO     params [ 5.66909266e+00  6.16063022e+00 -3.04693481e-01 -3.84373084e-03]
2024-11-16 16:15:49,749 mloop.controllers    INFO     cost 83.4141769316995 +/- 0.1
2024-11-16 16:15:49,749 mloop.controllers    INFO     Run: 108
2024-11-16 16:15:49,749 mloop.controllers    INFO     params [ 5.67024194  6.17099771 -0.29126465 -0.04285304]
2024-11-16 16:15:49,797 mloop.controllers    INFO     cost 83.41317584307365 +/- 0.1
2024-11-16 16:15:49,797 mloop.controllers    INFO     Run: 109
2024-11-16 16:15:49,797 mloop.controllers    INFO     params [ 5.66150423  6.17639185 -0.3099997  -0.02485204]
2024-11-16 16:15:49,846 mloop.controllers    INFO     cost 83.41189982852417 +/- 0.1
2024-11-16 16:15:49,848 mloop.controllers    INFO     Run: 110
2024-11-16 16:15:49,848 mloop.controllers    INFO     params [ 5.66191627  6.17775456 -0.30711588 -0.01499731]
2024-11-16 16:15:49,893 mloop.controllers    INFO     cost 83.41207547681927 +/- 0.1
2024-11-16 16:15:49,895 mloop.controllers    INFO     Run: 111
2024-11-16 16:15:49,897 mloop.controllers    INFO     params [ 5.67630934  6.18154423 -0.30786665 -0.00908809]
2024-11-16 16:15:49,941 mloop.controllers    INFO     cost 83.4134563508554 +/- 0.1
2024-11-16 16:15:49,941 mloop.controllers    INFO     Run: 112
2024-11-16 16:15:49,941 mloop.controllers    INFO     params [ 5.65991635  6.17447285 -0.30516802 -0.02868711]
2024-11-16 16:15:49,989 mloop.controllers    INFO     cost 83.41170235584913 +/- 0.1
2024-11-16 16:15:49,989 mloop.controllers    INFO     Run: 113
2024-11-16 16:15:49,989 mloop.controllers    INFO     params [ 5.6523378   6.16431712 -0.31232667 -0.01177385]
2024-11-16 16:15:50,036 mloop.controllers    INFO     cost 83.41369187894786 +/- 0.1
2024-11-16 16:15:50,038 mloop.controllers    INFO     Run: 114
2024-11-16 16:15:50,038 mloop.controllers    INFO     params [ 5.66727532  6.17936891 -0.3042779  -0.02638242]
2024-11-16 16:15:50,086 mloop.controllers    INFO     cost 83.41169070711686 +/- 0.1
2024-11-16 16:15:50,086 mloop.controllers    INFO     Run: 115
2024-11-16 16:15:50,086 mloop.controllers    INFO     params [ 5.66535554  6.17175591 -0.30538678 -0.03372103]
2024-11-16 16:15:50,133 mloop.controllers    INFO     cost 83.41195531254183 +/- 0.1
2024-11-16 16:15:50,133 mloop.controllers    INFO     Run: 116
2024-11-16 16:15:50,136 mloop.controllers    INFO     params [ 5.661178    6.18220743 -0.3068565  -0.03930618]
2024-11-16 16:15:50,181 mloop.controllers    INFO     cost 83.41249126495035 +/- 0.1
2024-11-16 16:15:50,181 mloop.controllers    INFO     Run: 117
2024-11-16 16:15:50,181 mloop.controllers    INFO     params [ 5.66468029  6.17214236 -0.3058839  -0.02296289]
2024-11-16 16:15:50,228 mloop.controllers    INFO     cost 83.4117326991951 +/- 0.1
2024-11-16 16:15:50,228 mloop.controllers    INFO     Run: 118
2024-11-16 16:15:50,228 mloop.controllers    INFO     params [ 5.66133256  6.17943207 -0.30727798 -0.0177212 ]
2024-11-16 16:15:50,276 mloop.controllers    INFO     cost 83.41195319855352 +/- 0.1
2024-11-16 16:15:50,276 mloop.controllers    INFO     Run: 119
2024-11-16 16:15:50,276 mloop.controllers    INFO     params [ 5.6623383   6.17751303 -0.30680518 -0.02172116]
2024-11-16 16:15:50,323 mloop.controllers    INFO     cost 83.41173669677335 +/- 0.1
2024-11-16 16:15:50,325 mloop.controllers    INFO     Run: 120
2024-11-16 16:15:50,326 mloop.controllers    INFO     params [ 5.6656009   6.17535673 -0.30106781 -0.02502475]
2024-11-16 16:15:50,371 mloop.controllers    INFO     cost 83.41154759066637 +/- 0.1
2024-11-16 16:15:50,371 mloop.controllers    INFO     Run: 121
2024-11-16 16:15:50,371 mloop.controllers    INFO     params [ 5.66764923  6.17483916 -0.29660187 -0.02511111]
2024-11-16 16:15:50,420 mloop.controllers    INFO     cost 83.411656880484 +/- 0.1
2024-11-16 16:15:50,420 mloop.controllers    INFO     Run: 122
2024-11-16 16:15:50,420 mloop.controllers    INFO     params [ 5.66639813  6.17315739 -0.30139364 -0.02980743]
2024-11-16 16:15:50,467 mloop.controllers    INFO     cost 83.41166967736599 +/- 0.1
2024-11-16 16:15:50,467 mloop.controllers    INFO     Run: 123
2024-11-16 16:15:50,467 mloop.controllers    INFO     params [ 5.66491506  6.17903558 -0.30006979 -0.03198797]
2024-11-16 16:15:50,516 mloop.controllers    INFO     cost 83.41170567507186 +/- 0.1
2024-11-16 16:15:50,516 mloop.controllers    INFO     Run: 124
2024-11-16 16:15:50,518 mloop.controllers    INFO     params [ 5.66485637  6.17731228 -0.30152332 -0.0297317 ]
2024-11-16 16:15:50,562 mloop.controllers    INFO     cost 83.41160443120233 +/- 0.1
2024-11-16 16:15:50,562 mloop.controllers    INFO     Run: 125
2024-11-16 16:15:50,566 mloop.controllers    INFO     params [ 5.67214901  6.1781248  -0.29896331 -0.02678604]
2024-11-16 16:15:50,627 mloop.controllers    INFO     cost 83.41187899235695 +/- 0.1
2024-11-16 16:15:50,627 mloop.controllers    INFO     Run: 126
2024-11-16 16:15:50,627 mloop.controllers    INFO     params [ 5.66297452  6.17538584 -0.30361685 -0.02821185]
2024-11-16 16:15:50,673 mloop.controllers    INFO     cost 83.41159203339193 +/- 0.1
2024-11-16 16:15:50,674 mloop.controllers    INFO     Run: 127
2024-11-16 16:15:50,676 mloop.controllers    INFO     params [ 5.66263964  6.17123721 -0.2995229  -0.03000544]
2024-11-16 16:15:50,720 mloop.controllers    INFO     cost 83.41168178902349 +/- 0.1
2024-11-16 16:15:50,720 mloop.controllers    INFO     Run: 128
2024-11-16 16:15:50,720 mloop.controllers    INFO     params [ 5.66379856  6.17327013 -0.30071165 -0.02909969]
2024-11-16 16:15:50,768 mloop.controllers    INFO     cost 83.41159868785971 +/- 0.1
2024-11-16 16:15:50,768 mloop.controllers    INFO     Run: 129
2024-11-16 16:15:50,768 mloop.controllers    INFO     params [ 5.66221704  6.17750509 -0.30206617 -0.02622656]
2024-11-16 16:15:50,816 mloop.controllers    INFO     cost 83.41153907532674 +/- 0.1
2024-11-16 16:15:50,816 mloop.controllers    INFO     Run: 130
2024-11-16 16:15:50,820 mloop.controllers    INFO     params [ 5.6601265   6.17967895 -0.30240244 -0.02443613]
2024-11-16 16:15:50,864 mloop.controllers    INFO     cost 83.41161201104481 +/- 0.1
2024-11-16 16:15:50,866 mloop.controllers    INFO     Run: 131
2024-11-16 16:15:50,866 mloop.controllers    INFO     params [ 5.66243914  6.17344662 -0.30220792 -0.02454972]
2024-11-16 16:15:50,912 mloop.controllers    INFO     cost 83.41156308594212 +/- 0.1
2024-11-16 16:15:50,913 mloop.controllers    INFO     Run: 132
2024-11-16 16:15:50,921 mloop.controllers    INFO     params [ 5.66281724  6.17757701 -0.30376772 -0.02290675]
2024-11-16 16:15:50,960 mloop.controllers    INFO     cost 83.4115905695207 +/- 0.1
2024-11-16 16:15:50,960 mloop.controllers    INFO     Run: 133
2024-11-16 16:15:50,966 mloop.controllers    INFO     params [ 5.66356265  6.17655689 -0.30093797 -0.02114205]
2024-11-16 16:15:51,009 mloop.controllers    INFO     cost 83.41157699185696 +/- 0.1
2024-11-16 16:15:51,009 mloop.controllers    INFO     Run: 134
2024-11-16 16:15:51,009 mloop.controllers    INFO     params [ 5.66409262  6.17385565 -0.29937221 -0.02556479]
2024-11-16 16:15:51,056 mloop.controllers    INFO     cost 83.41154218009571 +/- 0.1
2024-11-16 16:15:51,057 mloop.controllers    INFO     Run: 135
2024-11-16 16:15:51,057 mloop.controllers    INFO     params [ 5.66361221  6.17352516 -0.30141909 -0.02954086]
2024-11-16 16:15:51,104 mloop.controllers    INFO     cost 83.41160946597714 +/- 0.1
2024-11-16 16:15:51,104 mloop.controllers    INFO     Run: 136
2024-11-16 16:15:51,106 mloop.controllers    INFO     params [ 5.66357504  6.17579895 -0.30105825 -0.02324175]
2024-11-16 16:15:51,152 mloop.controllers    INFO     cost 83.41153397213664 +/- 0.1
2024-11-16 16:15:51,152 mloop.controllers    INFO     Run: 137
2024-11-16 16:15:51,155 mloop.controllers    INFO     params [ 5.66530366  6.1778116  -0.2995743  -0.02547921]
2024-11-16 16:15:51,200 mloop.controllers    INFO     cost 83.41154422696557 +/- 0.1
2024-11-16 16:15:51,200 mloop.controllers    INFO     Run: 138
2024-11-16 16:15:51,200 mloop.controllers    INFO     params [ 5.66199328  6.17712892 -0.29996766 -0.0252314 ]
2024-11-16 16:15:51,248 mloop.controllers    INFO     cost 83.41152111239285 +/- 0.1
2024-11-16 16:15:51,248 mloop.controllers    INFO     Run: 139
2024-11-16 16:15:51,248 mloop.controllers    INFO     params [ 5.66018947  6.17801502 -0.29941758 -0.02533473]
2024-11-16 16:15:51,296 mloop.controllers    INFO     cost 83.41156001864896 +/- 0.1
2024-11-16 16:15:51,296 mloop.controllers    INFO     Run: 140
2024-11-16 16:15:51,296 mloop.controllers    INFO     params [ 5.66063533  6.17433272 -0.30165785 -0.02465305]
2024-11-16 16:15:51,344 mloop.controllers    INFO     cost 83.4115622271141 +/- 0.1
2024-11-16 16:15:51,344 mloop.controllers    INFO     Run: 141
2024-11-16 16:15:51,347 mloop.controllers    INFO     params [ 5.66413658  6.17694188 -0.30009519 -0.02527267]
2024-11-16 16:15:51,382 mloop.controllers    INFO     cost 83.41152028317059 +/- 0.1
2024-11-16 16:15:51,382 mloop.controllers    INFO     Run: 142
2024-11-16 16:15:51,382 mloop.controllers    INFO     params [ 5.66186835  6.17983177 -0.30222142 -0.0244214 ]
2024-11-16 16:15:51,431 mloop.controllers    INFO     cost 83.41158336698938 +/- 0.1
2024-11-16 16:15:51,431 mloop.controllers    INFO     Run: 143
2024-11-16 16:15:51,431 mloop.controllers    INFO     params [ 5.66353655  6.17534968 -0.30008451 -0.02527894]
2024-11-16 16:15:51,477 mloop.controllers    INFO     cost 83.41151819557662 +/- 0.1
2024-11-16 16:15:51,477 mloop.controllers    INFO     Run: 144
2024-11-16 16:15:51,477 mloop.controllers    INFO     params [ 5.66440368  6.17510462 -0.29853663 -0.02328582]
2024-11-16 16:15:51,526 mloop.controllers    INFO     cost 83.41155053164984 +/- 0.1
2024-11-16 16:15:51,526 mloop.controllers    INFO     Run: 145
2024-11-16 16:15:51,526 mloop.controllers    INFO     params [ 5.6627637   6.17690498 -0.30118379 -0.02549138]
2024-11-16 16:15:51,574 mloop.controllers    INFO     cost 83.4115199159504 +/- 0.1
2024-11-16 16:15:51,574 mloop.controllers    INFO     Run: 146
2024-11-16 16:15:51,577 mloop.controllers    INFO     params [ 5.66264002  6.17736378 -0.29960732 -0.02739544]
2024-11-16 16:15:51,623 mloop.controllers    INFO     cost 83.41153429765416 +/- 0.1
2024-11-16 16:15:51,623 mloop.controllers    INFO     Run: 147
2024-11-16 16:15:51,623 mloop.controllers    INFO     params [ 5.66334128  6.17619016 -0.30069552 -0.02428018]
2024-11-16 16:15:51,670 mloop.controllers    INFO     cost 83.4115192569643 +/- 0.1
2024-11-16 16:15:51,671 mloop.controllers    INFO     Run: 148
2024-11-16 16:15:51,671 mloop.controllers    INFO     params [ 5.66489578  6.17556442 -0.30106185 -0.02493018]
2024-11-16 16:15:51,716 mloop.controllers    INFO     cost 83.41153376448479 +/- 0.1
2024-11-16 16:15:51,716 mloop.controllers    INFO     Run: 149
2024-11-16 16:15:51,716 mloop.controllers    INFO     params [ 5.66271891  6.1767378  -0.3002412  -0.0251561 ]
2024-11-16 16:15:51,764 mloop.controllers    INFO     cost 83.41151522207733 +/- 0.1
2024-11-16 16:15:51,766 mloop.controllers    INFO     Run: 150
2024-11-16 16:15:51,766 mloop.controllers    INFO     params [ 5.66204364  6.17564943 -0.30100733 -0.02483063]
2024-11-16 16:15:51,811 mloop.controllers    INFO     cost 83.41152341043664 +/- 0.1
2024-11-16 16:15:51,811 mloop.controllers    INFO     Run: 151
2024-11-16 16:15:51,811 mloop.controllers    INFO     params [ 5.66361334  6.17661877 -0.30032322 -0.02516216]
2024-11-16 16:15:51,859 mloop.controllers    INFO     cost 83.41151584736073 +/- 0.1
2024-11-16 16:15:51,859 mloop.controllers    INFO     Run: 152
2024-11-16 16:15:51,859 mloop.controllers    INFO     params [ 5.66384134  6.17554323 -0.29948844 -0.02444731]
2024-11-16 16:15:51,907 mloop.controllers    INFO     cost 83.41152281287556 +/- 0.1
2024-11-16 16:15:51,907 mloop.controllers    INFO     Run: 153
2024-11-16 16:15:51,907 mloop.controllers    INFO     params [ 5.66303311  6.17656454 -0.30075995 -0.02523036]
2024-11-16 16:15:51,956 mloop.controllers    INFO     cost 83.41151574039277 +/- 0.1
2024-11-16 16:15:51,956 mloop.controllers    INFO     Run: 154
2024-11-16 16:15:51,966 mloop.controllers    INFO     params [ 5.66310968  6.17644523 -0.30000893 -0.0261336 ]
2024-11-16 16:15:52,003 mloop.controllers    INFO     cost 83.41151634620601 +/- 0.1
2024-11-16 16:15:52,004 mloop.controllers    INFO     Run: 155
2024-11-16 16:15:52,005 mloop.controllers    INFO     params [ 5.66270096  6.17783349 -0.30058214 -0.02556217]
2024-11-16 16:15:52,051 mloop.controllers    INFO     cost 83.41152372734817 +/- 0.1
2024-11-16 16:15:52,051 mloop.controllers    INFO     Run: 156
2024-11-16 16:15:52,051 mloop.controllers    INFO     params [ 5.66332766  6.17597063 -0.30020892 -0.02534975]
2024-11-16 16:15:52,099 mloop.controllers    INFO     cost 83.41151470426342 +/- 0.1
2024-11-16 16:15:52,099 mloop.controllers    INFO     Run: 157
2024-11-16 16:15:52,106 mloop.controllers    INFO     params [ 5.66323683  6.17650064 -0.30075772 -0.02431558]
2024-11-16 16:15:52,146 mloop.controllers    INFO     cost 83.41151917865592 +/- 0.1
2024-11-16 16:15:52,146 mloop.controllers    INFO     Run: 158
2024-11-16 16:15:52,146 mloop.controllers    INFO     params [ 5.66314146  6.17645908 -0.30019613 -0.0256791 ]
2024-11-16 16:15:52,195 mloop.controllers    INFO     cost 83.41151453243164 +/- 0.1
2024-11-16 16:15:52,195 mloop.controllers    INFO     Run: 159
2024-11-16 16:15:52,197 mloop.controllers    INFO     params [ 5.66249722  6.17624726 -0.30037988 -0.02554549]
2024-11-16 16:15:52,243 mloop.controllers    INFO     cost 83.4115156363134 +/- 0.1
2024-11-16 16:15:52,243 mloop.controllers    INFO     Run: 160
2024-11-16 16:15:52,245 mloop.controllers    INFO     params [ 5.66280951  6.17614285 -0.29975311 -0.02563486]
2024-11-16 16:15:52,308 mloop.controllers    INFO     cost 83.41151519244934 +/- 0.1
2024-11-16 16:15:52,308 mloop.controllers    INFO     Run: 161
2024-11-16 16:15:52,308 mloop.controllers    INFO     params [ 5.66350155  6.17640792 -0.2998198  -0.02536441]
2024-11-16 16:15:52,356 mloop.controllers    INFO     cost 83.41151523425211 +/- 0.1
2024-11-16 16:15:52,356 mloop.controllers    INFO     Run: 162
2024-11-16 16:15:52,356 mloop.controllers    INFO     params [ 5.66325047  6.17636776 -0.29995982 -0.02540968]
2024-11-16 16:15:52,403 mloop.controllers    INFO     cost 83.41151429167766 +/- 0.1
2024-11-16 16:15:52,403 mloop.controllers    INFO     Run: 163
2024-11-16 16:15:52,406 mloop.controllers    INFO     params [ 5.66354564  6.17573236 -0.29981779 -0.02588059]
2024-11-16 16:15:52,451 mloop.controllers    INFO     cost 83.41151758639205 +/- 0.1
2024-11-16 16:15:52,451 mloop.controllers    INFO     Run: 164
2024-11-16 16:15:52,456 mloop.controllers    INFO     params [ 5.66292559  6.17648644 -0.30013535 -0.02533722]
2024-11-16 16:15:52,516 mloop.controllers    INFO     cost 83.41151414949685 +/- 0.1
2024-11-16 16:15:52,516 mloop.controllers    INFO     Run: 165
2024-11-16 16:15:52,516 mloop.controllers    INFO     params [ 5.66351308  6.17649911 -0.30049699 -0.02525301]
2024-11-16 16:15:52,580 mloop.controllers    INFO     cost 83.4115155047646 +/- 0.1
2024-11-16 16:15:52,580 mloop.controllers    INFO     Run: 166
2024-11-16 16:15:52,580 mloop.controllers    INFO     params [ 5.6629854   6.17623191 -0.29993908 -0.0255394 ]
2024-11-16 16:15:52,628 mloop.controllers    INFO     cost 83.41151431160439 +/- 0.1
2024-11-16 16:15:52,628 mloop.controllers    INFO     Run: 167
2024-11-16 16:15:52,628 mloop.controllers    INFO     params [ 5.66282381  6.17680196 -0.29990627 -0.02563295]
2024-11-16 16:15:52,676 mloop.controllers    INFO     cost 83.41151558532644 +/- 0.1
2024-11-16 16:15:52,676 mloop.controllers    INFO     Run: 168
2024-11-16 16:15:52,676 mloop.controllers    INFO     params [ 5.66320169  6.17617847 -0.30013326 -0.02542055]
2024-11-16 16:15:52,724 mloop.controllers    INFO     cost 83.41151415148823 +/- 0.1
2024-11-16 16:15:52,724 mloop.controllers    INFO     Run: 169
2024-11-16 16:15:52,726 mloop.controllers    INFO     params [ 5.66304011  6.1761732  -0.29988763 -0.02517433]
2024-11-16 16:15:52,771 mloop.controllers    INFO     cost 83.41151434022261 +/- 0.1
2024-11-16 16:15:52,771 mloop.controllers    INFO     Run: 170
2024-11-16 16:15:52,776 mloop.controllers    INFO     params [ 5.66306545  6.17624467 -0.29996475 -0.02530052]
2024-11-16 16:15:52,819 mloop.controllers    INFO     cost 83.41151409515243 +/- 0.1
2024-11-16 16:15:52,819 mloop.controllers    INFO     Run: 171
2024-11-16 16:15:52,819 mloop.controllers    INFO     params [ 5.6632362   6.17640675 -0.30015751 -0.02519459]
2024-11-16 16:15:52,869 mloop.controllers    INFO     cost 83.41151420477941 +/- 0.1
2024-11-16 16:15:52,869 mloop.controllers    INFO     Run: 172
2024-11-16 16:15:52,869 mloop.controllers    INFO     params [ 5.662964    6.17629041 -0.30023561 -0.02521676]
2024-11-16 16:15:52,916 mloop.controllers    INFO     cost 83.41151407551523 +/- 0.1
2024-11-16 16:15:52,916 mloop.controllers    INFO     Run: 173
2024-11-16 16:15:52,916 mloop.controllers    INFO     params [ 5.66282077  6.17625174 -0.30037351 -0.0251203 ]
2024-11-16 16:15:52,964 mloop.controllers    INFO     cost 83.4115145511446 +/- 0.1
2024-11-16 16:15:52,966 mloop.controllers    INFO     Run: 174
2024-11-16 16:15:52,966 mloop.controllers    INFO     params [ 5.66284217  6.17619324 -0.30007698 -0.02544294]
2024-11-16 16:15:53,012 mloop.controllers    INFO     cost 83.41151425187468 +/- 0.1
2024-11-16 16:15:53,012 mloop.controllers    INFO     Run: 175
2024-11-16 16:15:53,012 mloop.controllers    INFO     params [ 5.66313769  6.17635338 -0.30013738 -0.02525667]
2024-11-16 16:15:53,060 mloop.controllers    INFO     cost 83.41151402247328 +/- 0.1
2024-11-16 16:15:53,060 mloop.controllers    INFO     Run: 176
2024-11-16 16:15:53,066 mloop.controllers    INFO     params [ 5.66284467  6.17650898 -0.30010329 -0.02513504]
2024-11-16 16:15:53,123 mloop.controllers    INFO     cost 83.41151441267387 +/- 0.1
2024-11-16 16:15:53,123 mloop.controllers    INFO     Run: 177
2024-11-16 16:15:53,126 mloop.controllers    INFO     params [ 5.66311244  6.1762611  -0.30012577 -0.02534917]
2024-11-16 16:15:53,188 mloop.controllers    INFO     cost 83.41151399320805 +/- 0.1
2024-11-16 16:15:53,188 mloop.controllers    INFO     Run: 178
2024-11-16 16:15:53,188 mloop.controllers    INFO     params [ 5.6632142   6.17608834 -0.3000964  -0.02522434]
2024-11-16 16:15:53,252 mloop.controllers    INFO     cost 83.41151428318163 +/- 0.1
2024-11-16 16:15:53,252 mloop.controllers    INFO     Run: 179
2024-11-16 16:15:53,256 mloop.controllers    INFO     params [ 5.66299774  6.17638691 -0.30012561 -0.025309  ]
2024-11-16 16:15:53,300 mloop.controllers    INFO     cost 83.41151400395927 +/- 0.1
2024-11-16 16:15:53,300 mloop.controllers    INFO     Run: 180
2024-11-16 16:15:53,300 mloop.controllers    INFO     params [ 5.66304048  6.17640122 -0.30034743 -0.02526528]
2024-11-16 16:15:53,348 mloop.controllers    INFO     cost 83.41151418556267 +/- 0.1
2024-11-16 16:15:53,348 mloop.controllers    INFO     Run: 181
2024-11-16 16:15:53,348 mloop.controllers    INFO     params [ 5.66305921  6.17628381 -0.30006042 -0.02529171]
2024-11-16 16:15:53,396 mloop.controllers    INFO     cost 83.41151399440496 +/- 0.1
2024-11-16 16:15:53,396 mloop.controllers    INFO     Run: 182
2024-11-16 16:15:53,396 mloop.controllers    INFO     params [ 5.66318954  6.17635219 -0.29998898 -0.02538652]
2024-11-16 16:15:53,460 mloop.controllers    INFO     cost 83.41151415227313 +/- 0.1
2024-11-16 16:15:53,460 mloop.controllers    INFO     Run: 183
2024-11-16 16:15:53,462 mloop.controllers    INFO     params [ 5.66302038  6.17630586 -0.30017395 -0.0252592 ]
2024-11-16 16:15:53,507 mloop.controllers    INFO     cost 83.41151399063858 +/- 0.1
2024-11-16 16:15:53,507 mloop.controllers    INFO     Run: 184
2024-11-16 16:15:53,507 mloop.controllers    INFO     params [ 5.6629572   6.17626546 -0.3001055  -0.02534787]
2024-11-16 16:15:53,571 mloop.controllers    INFO     cost 83.41151401420592 +/- 0.1
2024-11-16 16:15:53,571 mloop.controllers    INFO     Run: 185
2024-11-16 16:15:53,576 mloop.controllers    INFO     params [ 5.66300232  6.17628744 -0.30011347 -0.02532507]
2024-11-16 16:15:53,619 mloop.controllers    INFO     cost 83.4115139799624 +/- 0.1
2024-11-16 16:15:53,619 mloop.controllers    INFO     Run: 186
2024-11-16 16:15:53,619 mloop.controllers    INFO     params [ 5.66309943  6.17618219 -0.30011119 -0.02530357]
2024-11-16 16:15:53,684 mloop.controllers    INFO     cost 83.41151403439304 +/- 0.1
2024-11-16 16:15:53,684 mloop.controllers    INFO     Run: 187
2024-11-16 16:15:53,686 mloop.controllers    INFO     params [ 5.66302317  6.17633573 -0.30012201 -0.02530764]
2024-11-16 16:15:53,731 mloop.controllers    INFO     cost 83.411513975524 +/- 0.1
2024-11-16 16:15:53,731 mloop.controllers    INFO     Run: 188
2024-11-16 16:15:53,731 mloop.controllers    INFO     params [ 5.66301995  6.17631125 -0.30020718 -0.02532883]
2024-11-16 16:15:53,778 mloop.controllers    INFO     cost 83.41151399157567 +/- 0.1
2024-11-16 16:15:53,778 mloop.controllers    INFO     Run: 189
2024-11-16 16:15:53,794 mloop.controllers    INFO     params [ 5.66292047  6.17635904 -0.30018254 -0.0252612 ]
2024-11-16 16:15:53,842 mloop.controllers    INFO     cost 83.41151406861343 +/- 0.1
2024-11-16 16:15:53,842 mloop.controllers    INFO     Run: 190
2024-11-16 16:15:53,846 mloop.controllers    INFO     params [ 5.66306445  6.17628558 -0.30013996 -0.02532718]
2024-11-16 16:15:53,889 mloop.controllers    INFO     cost 83.41151396998157 +/- 0.1
2024-11-16 16:15:53,889 mloop.controllers    INFO     Run: 191
2024-11-16 16:15:53,889 mloop.controllers    INFO     params [ 5.66303521  6.17629606 -0.30006752 -0.02528071]
2024-11-16 16:15:53,938 mloop.controllers    INFO     cost 83.41151399248946 +/- 0.1
2024-11-16 16:15:53,938 mloop.controllers    INFO     Run: 192
2024-11-16 16:15:53,938 mloop.controllers    INFO     params [ 5.66302376  6.17630745 -0.30017226 -0.0253168 ]
2024-11-16 16:15:53,986 mloop.controllers    INFO     cost 83.41151397591078 +/- 0.1
2024-11-16 16:15:53,986 mloop.controllers    INFO     Run: 193
2024-11-16 16:15:53,986 mloop.controllers    INFO     params [ 5.66303646  6.17630225 -0.3000999  -0.02537915]
2024-11-16 16:15:54,035 mloop.controllers    INFO     cost 83.41151398418793 +/- 0.1
2024-11-16 16:15:54,036 mloop.controllers    INFO     Run: 194
2024-11-16 16:15:54,036 mloop.controllers    INFO     params [ 5.66303244  6.17630315 -0.30011841 -0.02534916]
2024-11-16 16:15:54,083 mloop.controllers    INFO     cost 83.41151397247975 +/- 0.1
2024-11-16 16:15:54,083 mloop.controllers    INFO     Run: 195
2024-11-16 16:15:54,098 mloop.controllers    INFO     params [ 5.66306959  6.17632852 -0.30016285 -0.02532532]
2024-11-16 16:15:54,132 mloop.controllers    INFO     cost 83.411513974229 +/- 0.1
2024-11-16 16:15:54,132 mloop.controllers    INFO     Run: 196
2024-11-16 16:15:54,134 mloop.controllers    INFO     params [ 5.66307106  6.17631904 -0.30009935 -0.02533785]
2024-11-16 16:15:54,180 mloop.controllers    INFO     cost 83.41151397603451 +/- 0.1
2024-11-16 16:15:54,180 mloop.controllers    INFO     Run: 197
2024-11-16 16:15:54,183 mloop.controllers    INFO     params [ 5.66303559  6.17631035 -0.30015403 -0.02532206]
2024-11-16 16:15:54,228 mloop.controllers    INFO     cost 83.41151397000445 +/- 0.1
2024-11-16 16:15:54,228 mloop.controllers    INFO     Run: 198
2024-11-16 16:15:54,228 mloop.controllers    INFO     params [ 5.66307787  6.17627807 -0.30016562 -0.02535422]
2024-11-16 16:15:54,276 mloop.controllers    INFO     cost 83.4115139803198 +/- 0.1
2024-11-16 16:15:54,276 mloop.controllers    INFO     Run: 199
2024-11-16 16:15:54,276 mloop.controllers    INFO     params [ 5.66303684  6.17632132 -0.30013291 -0.02531929]
2024-11-16 16:15:54,340 mloop.controllers    INFO     cost 83.41151396944714 +/- 0.1
2024-11-16 16:15:54,340 mloop.controllers    INFO     Run: 200
2024-11-16 16:15:54,345 mloop.controllers    INFO     params [ 5.66301507  6.17628168 -0.30010981 -0.02533352]
2024-11-16 16:15:54,387 mloop.controllers    INFO     cost 83.4115139775031 +/- 0.1
2024-11-16 16:15:54,387 mloop.controllers    INFO     Run: 201
2024-11-16 16:15:54,387 mloop.controllers    INFO     params [ 5.66305596  6.17631681 -0.30014959 -0.02532737]
2024-11-16 16:15:54,452 mloop.controllers    INFO     cost 83.41151396921893 +/- 0.1
2024-11-16 16:15:54,452 mloop.controllers    INFO     Run: 202
2024-11-16 16:15:54,452 mloop.controllers    INFO     params [ 5.66306397  6.17631388 -0.30016984 -0.02529879]
2024-11-16 16:15:54,499 mloop.controllers    INFO     cost 83.41151397527834 +/- 0.1
2024-11-16 16:15:54,499 mloop.controllers    INFO     Run: 203
2024-11-16 16:15:54,511 mloop.controllers    INFO     params [ 5.66304033  6.17630583 -0.30013127 -0.02533657]
2024-11-16 16:15:54,548 mloop.controllers    INFO     cost 83.41151396881175 +/- 0.1
2024-11-16 16:15:54,548 mloop.controllers    INFO     Run: 204
2024-11-16 16:15:54,556 mloop.controllers    INFO     params [ 5.6630632   6.17630442 -0.30012283 -0.02533314]
2024-11-16 16:15:54,596 mloop.controllers    INFO     cost 83.41151396938619 +/- 0.1
2024-11-16 16:15:54,596 mloop.controllers    INFO     Run: 205
2024-11-16 16:15:54,596 mloop.controllers    INFO     params [ 5.66303372  6.17633861 -0.30012834 -0.02533101]
2024-11-16 16:15:54,643 mloop.controllers    INFO     cost 83.41151397331481 +/- 0.1
2024-11-16 16:15:54,643 mloop.controllers    INFO     Run: 206
2024-11-16 16:15:54,646 mloop.controllers    INFO     params [ 5.66305676  6.17629884 -0.30013705 -0.02532813]
2024-11-16 16:15:54,708 mloop.controllers    INFO     cost 83.4115139681081 +/- 0.1
2024-11-16 16:15:54,708 mloop.controllers    INFO     Run: 207
2024-11-16 16:15:54,708 mloop.controllers    INFO     params [ 5.66307128  6.17629163 -0.30013746 -0.02534332]
2024-11-16 16:15:54,787 mloop.controllers    INFO     cost 83.41151397163006 +/- 0.1
2024-11-16 16:15:54,787 mloop.controllers    INFO     Run: 208
2024-11-16 16:15:54,787 mloop.controllers    INFO     params [ 5.66304545  6.1763139  -0.30013405 -0.0253253 ]
2024-11-16 16:15:54,836 mloop.controllers    INFO     cost 83.4115139681087 +/- 0.1
2024-11-16 16:15:54,836 mloop.controllers    INFO     Run: 209
2024-11-16 16:15:54,836 mloop.controllers    INFO     params [ 5.66303605  6.17631327 -0.30015315 -0.02532555]
2024-11-16 16:15:54,900 mloop.controllers    INFO     cost 83.41151397000587 +/- 0.1
2024-11-16 16:15:54,900 mloop.controllers    INFO     Run: 210
2024-11-16 16:15:54,900 mloop.controllers    INFO     params [ 5.66305641  6.17630663 -0.30013041 -0.02533124]
2024-11-16 16:15:54,963 mloop.controllers    INFO     cost 83.41151396821945 +/- 0.1
2024-11-16 16:15:54,965 mloop.controllers    INFO     Run: 211
2024-11-16 16:15:54,966 mloop.controllers    INFO     params [ 5.66304352  6.17629579 -0.3001168  -0.02533325]
2024-11-16 16:15:55,012 mloop.controllers    INFO     cost 83.41151396985092 +/- 0.1
2024-11-16 16:15:55,012 mloop.controllers    INFO     Run: 212
2024-11-16 16:15:55,020 mloop.controllers    INFO     params [ 5.66305285  6.17631155 -0.30014139 -0.02532884]
2024-11-16 16:15:55,059 mloop.controllers    INFO     cost 83.411513968165 +/- 0.1
2024-11-16 16:15:55,059 mloop.controllers    INFO     Run: 213
2024-11-16 16:15:55,077 mloop.controllers    INFO     params [ 5.66306541  6.17630963 -0.30014018 -0.02532019]
2024-11-16 16:15:55,124 mloop.controllers    INFO     cost 83.41151396885614 +/- 0.1
2024-11-16 16:15:55,125 mloop.controllers    INFO     Run: 214
2024-11-16 16:15:55,125 mloop.controllers    INFO     params [ 5.6630466   6.17630678 -0.3001335  -0.02533247]
2024-11-16 16:15:55,171 mloop.controllers    INFO     cost 83.41151396809946 +/- 0.1
2024-11-16 16:15:55,171 mloop.controllers    INFO     Run: 215
2024-11-16 16:15:55,171 mloop.controllers    INFO     params [ 5.66304442  6.1763089  -0.30014259 -0.02532613]
2024-11-16 16:15:55,219 mloop.controllers    INFO     cost 83.41151396812506 +/- 0.1
2024-11-16 16:15:55,219 mloop.controllers    INFO     Run: 216
2024-11-16 16:15:55,219 mloop.controllers    INFO     params [ 5.66304377  6.17630266 -0.3001322  -0.02532718]
2024-11-16 16:15:55,283 mloop.controllers    INFO     cost 83.41151396797073 +/- 0.1
2024-11-16 16:15:55,285 mloop.controllers    INFO     Run: 217
2024-11-16 16:15:55,290 mloop.controllers    INFO     params [ 5.66303923  6.17629821 -0.3001276  -0.02532634]
2024-11-16 16:15:55,331 mloop.controllers    INFO     cost 83.41151396859019 +/- 0.1
2024-11-16 16:15:55,331 mloop.controllers    INFO     Run: 218
2024-11-16 16:15:55,331 mloop.controllers    INFO     params [ 5.66305187  6.17630218 -0.30012581 -0.02533041]
2024-11-16 16:15:55,379 mloop.controllers    INFO     cost 83.41151396828101 +/- 0.1
2024-11-16 16:15:55,379 mloop.controllers    INFO     Run: 219
2024-11-16 16:15:55,379 mloop.controllers    INFO     params [ 5.66304628  6.17630722 -0.30013839 -0.0253272 ]
2024-11-16 16:15:55,427 mloop.controllers    INFO     cost 83.41151396787632 +/- 0.1
2024-11-16 16:15:55,427 mloop.controllers    INFO     Run: 220
2024-11-16 16:15:55,427 mloop.controllers    INFO     params [ 5.66305125  6.17629385 -0.30013652 -0.0253322 ]
2024-11-16 16:15:55,475 mloop.controllers    INFO     cost 83.41151396842525 +/- 0.1
2024-11-16 16:15:55,476 mloop.controllers    INFO     Run: 221
2024-11-16 16:15:55,476 mloop.controllers    INFO     params [ 5.6630469   6.17630889 -0.30013467 -0.02532702]
2024-11-16 16:15:55,522 mloop.controllers    INFO     cost 83.41151396785979 +/- 0.1
2024-11-16 16:15:55,522 mloop.controllers    INFO     Run: 222
2024-11-16 16:15:55,526 mloop.controllers    INFO     params [ 5.66303501  6.17631393 -0.30013232 -0.0253288 ]
2024-11-16 16:15:55,570 mloop.controllers    INFO     cost 83.41151396908978 +/- 0.1
2024-11-16 16:15:55,570 mloop.controllers    INFO     Run: 223
2024-11-16 16:15:55,570 mloop.controllers    INFO     params [ 5.66305132  6.17630261 -0.30013587 -0.0253283 ]
2024-11-16 16:15:55,634 mloop.controllers    INFO     cost 83.4115139678202 +/- 0.1
2024-11-16 16:15:55,635 mloop.controllers    INFO     Run: 224
2024-11-16 16:15:55,637 mloop.controllers    INFO     params [ 5.66304754  6.17630391 -0.30013707 -0.02532238]
2024-11-16 16:15:55,682 mloop.controllers    INFO     cost 83.41151396772229 +/- 0.1
2024-11-16 16:15:55,682 mloop.controllers    INFO     Run: 225
2024-11-16 16:15:55,685 mloop.controllers    INFO     params [ 5.66304801  6.17630247 -0.30013886 -0.02531733]
2024-11-16 16:15:55,729 mloop.controllers    INFO     cost 83.4115139678547 +/- 0.1
2024-11-16 16:15:55,729 mloop.controllers    INFO     Run: 226
2024-11-16 16:15:55,729 mloop.controllers    INFO     params [ 5.66305226  6.17630866 -0.3001408  -0.02532527]
2024-11-16 16:15:55,777 mloop.controllers    INFO     cost 83.41151396790312 +/- 0.1
2024-11-16 16:15:55,777 mloop.controllers    INFO     Run: 227
2024-11-16 16:15:55,777 mloop.controllers    INFO     params [ 5.66305013  6.17630716 -0.30013865 -0.02532575]
2024-11-16 16:15:55,825 mloop.controllers    INFO     cost 83.41151396778467 +/- 0.1
2024-11-16 16:15:55,826 mloop.controllers    INFO     Run: 228
2024-11-16 16:15:55,826 mloop.controllers    INFO     params [ 5.66305167  6.17630406 -0.30013474 -0.02532452]
2024-11-16 16:15:55,872 mloop.controllers    INFO     cost 83.4115139677113 +/- 0.1
2024-11-16 16:15:55,872 mloop.controllers    INFO     Run: 229
2024-11-16 16:15:55,876 mloop.controllers    INFO     params [ 5.66305436  6.17630248 -0.30013291 -0.02532318]
2024-11-16 16:15:55,920 mloop.controllers    INFO     cost 83.41151396780194 +/- 0.1
2024-11-16 16:15:55,920 mloop.controllers    INFO     Run: 230
2024-11-16 16:15:55,920 mloop.controllers    INFO     params [ 5.66305343  6.17629998 -0.3001385  -0.02532345]
2024-11-16 16:15:55,968 mloop.controllers    INFO     cost 83.41151396784899 +/- 0.1
2024-11-16 16:15:55,968 mloop.controllers    INFO     Run: 231
2024-11-16 16:15:55,976 mloop.controllers    INFO     params [ 5.6630518   6.17630221 -0.30013754 -0.02532435]
2024-11-16 16:15:56,016 mloop.controllers    INFO     cost 83.41151396774733 +/- 0.1
2024-11-16 16:15:56,017 mloop.controllers    INFO     Run: 232
2024-11-16 16:15:56,017 mloop.controllers    INFO     params [ 5.66304925  6.17630605 -0.30013813 -0.0253202 ]
2024-11-16 16:15:56,079 mloop.controllers    INFO     cost 83.41151396774124 +/- 0.1
2024-11-16 16:15:56,079 mloop.controllers    INFO     Run: 233
2024-11-16 16:15:56,079 mloop.controllers    INFO     params [ 5.66304999  6.17630095 -0.30013508 -0.02531997]
2024-11-16 16:15:56,127 mloop.controllers    INFO     cost 83.41151396775304 +/- 0.1
2024-11-16 16:15:56,127 mloop.controllers    INFO     Run: 234
2024-11-16 16:15:56,127 mloop.controllers    INFO     params [ 5.66305003  6.17630251 -0.30013598 -0.02532142]
2024-11-16 16:15:56,176 mloop.controllers    INFO     cost 83.41151396770492 +/- 0.1
2024-11-16 16:15:56,176 mloop.controllers    INFO     Run: 235
2024-11-16 16:15:56,186 mloop.controllers    INFO     params [ 5.66304744  6.17630605 -0.30013541 -0.02531991]
2024-11-16 16:15:56,224 mloop.controllers    INFO     cost 83.41151396774114 +/- 0.1
2024-11-16 16:15:56,226 mloop.controllers    INFO     Run: 236
2024-11-16 16:15:56,231 mloop.controllers    INFO     params [ 5.66304909  6.17630221 -0.30013347 -0.02532392]
2024-11-16 16:15:56,272 mloop.controllers    INFO     cost 83.41151396772807 +/- 0.1
2024-11-16 16:15:56,272 mloop.controllers    INFO     Run: 237
2024-11-16 16:15:56,272 mloop.controllers    INFO     params [ 5.66305172  6.17630029 -0.30013521 -0.02532621]
2024-11-16 16:15:56,320 mloop.controllers    INFO     cost 83.41151396780874 +/- 0.1
2024-11-16 16:15:56,320 mloop.controllers    INFO     Run: 238
2024-11-16 16:15:56,320 mloop.controllers    INFO     params [ 5.66304851  6.17630461 -0.30013536 -0.02532148]
2024-11-16 16:15:56,386 mloop.controllers    INFO     cost 83.41151396769654 +/- 0.1
2024-11-16 16:15:56,386 mloop.controllers    INFO     Run: 239
2024-11-16 16:15:56,386 mloop.controllers    INFO     params [ 5.66304978  6.17630533 -0.3001381  -0.02532098]
2024-11-16 16:15:56,443 mloop.controllers    INFO     cost 83.41151396772275 +/- 0.1
2024-11-16 16:15:56,443 mloop.controllers    INFO     Run: 240
2024-11-16 16:15:56,446 mloop.controllers    INFO     params [ 5.66304961  6.17630455 -0.30013694 -0.02532172]
2024-11-16 16:15:56,492 mloop.controllers    INFO     cost 83.41151396769628 +/- 0.1
2024-11-16 16:15:56,492 mloop.controllers    INFO     Run: 241
2024-11-16 16:15:56,492 mloop.controllers    INFO     params [ 5.66305237  6.17630396 -0.30013444 -0.02532219]
2024-11-16 16:15:56,556 mloop.controllers    INFO     cost 83.41151396771134 +/- 0.1
2024-11-16 16:15:56,556 mloop.controllers    INFO     Run: 242
2024-11-16 16:15:56,556 mloop.controllers    INFO     params [ 5.66305116  6.17630394 -0.3001351  -0.02532224]
2024-11-16 16:15:56,618 mloop.controllers    INFO     cost 83.41151396769106 +/- 0.1
2024-11-16 16:15:56,618 mloop.controllers    INFO     Run: 243
2024-11-16 16:15:56,618 mloop.controllers    INFO     params [ 5.66304799  6.17630375 -0.30013695 -0.0253189 ]
2024-11-16 16:15:56,682 mloop.controllers    INFO     cost 83.4115139677571 +/- 0.1
2024-11-16 16:15:56,682 mloop.controllers    INFO     Run: 244
2024-11-16 16:15:56,686 mloop.controllers    INFO     params [ 5.66305075  6.17630398 -0.30013529 -0.02532312]
2024-11-16 16:15:56,730 mloop.controllers    INFO     cost 83.41151396768858 +/- 0.1
2024-11-16 16:15:56,730 mloop.controllers    INFO     Run: 245
2024-11-16 16:15:56,730 mloop.controllers    INFO     params [ 5.66304999  6.17630604 -0.30013537 -0.02532286]
2024-11-16 16:15:56,778 mloop.controllers    INFO     cost 83.41151396769135 +/- 0.1
2024-11-16 16:15:56,778 mloop.controllers    INFO     Run: 246
2024-11-16 16:15:56,778 mloop.controllers    INFO     params [ 5.66305224  6.17630465 -0.30013599 -0.02532348]
2024-11-16 16:15:56,826 mloop.controllers    INFO     cost 83.41151396770887 +/- 0.1
2024-11-16 16:15:56,826 mloop.controllers    INFO     Run: 247
2024-11-16 16:15:56,836 mloop.controllers    INFO     params [ 5.66304945  6.17630462 -0.30013552 -0.02532198]
2024-11-16 16:15:56,873 mloop.controllers    INFO     cost 83.41151396768605 +/- 0.1
2024-11-16 16:15:56,873 mloop.controllers    INFO     Run: 248
2024-11-16 16:15:56,886 mloop.controllers    INFO     params [ 5.66305106  6.17630474 -0.3001337  -0.02532339]
2024-11-16 16:15:56,922 mloop.controllers    INFO     cost 83.41151396770134 +/- 0.1
2024-11-16 16:15:56,922 mloop.controllers    INFO     Run: 249
2024-11-16 16:15:56,925 mloop.controllers    INFO     params [ 5.66304997  6.1763046  -0.30013613 -0.02532213]
2024-11-16 16:15:56,970 mloop.controllers    INFO     cost 83.4115139676865 +/- 0.1
2024-11-16 16:15:56,971 mloop.controllers    INFO     Run: 250
2024-11-16 16:15:56,971 mloop.controllers    INFO     params [ 5.66305068  6.17630253 -0.30013565 -0.02532187]
2024-11-16 16:15:57,019 mloop.controllers    INFO     cost 83.41151396770243 +/- 0.1
2024-11-16 16:15:57,019 mloop.controllers    INFO     Run: 251
2024-11-16 16:15:57,033 mloop.controllers    INFO     params [ 5.66305016  6.17630516 -0.30013544 -0.02532262]
2024-11-16 16:15:57,082 mloop.controllers    INFO     cost 83.4115139676849 +/- 0.1
2024-11-16 16:15:57,082 mloop.controllers    INFO     Run: 252
2024-11-16 16:15:57,082 mloop.controllers    INFO     params [ 5.663049    6.17630524 -0.30013609 -0.02532269]
2024-11-16 16:15:57,131 mloop.controllers    INFO     cost 83.41151396769163 +/- 0.1
2024-11-16 16:15:57,131 mloop.controllers    INFO     Run: 253
2024-11-16 16:15:57,131 mloop.controllers    INFO     params [ 5.66305062  6.17630427 -0.30013535 -0.02532235]
2024-11-16 16:15:57,179 mloop.controllers    INFO     cost 83.41151396768564 +/- 0.1
2024-11-16 16:15:57,179 mloop.controllers    INFO     Run: 254
2024-11-16 16:15:57,179 mloop.controllers    INFO     params [ 5.66304935  6.17630534 -0.30013593 -0.02532142]
2024-11-16 16:15:57,228 mloop.controllers    INFO     cost 83.41151396769263 +/- 0.1
2024-11-16 16:15:57,228 mloop.controllers    INFO     Run: 255
2024-11-16 16:15:57,228 mloop.controllers    INFO     params [ 5.6630504   6.17630432 -0.30013545 -0.0253227 ]
2024-11-16 16:15:57,276 mloop.controllers    INFO     cost 83.41151396768474 +/- 0.1
2024-11-16 16:15:57,277 mloop.controllers    INFO     Run: 256
2024-11-16 16:15:57,277 mloop.controllers    INFO     params [ 5.66305034  6.17630459 -0.30013475 -0.02532269]
2024-11-16 16:15:57,323 mloop.controllers    INFO     cost 83.4115139676856 +/- 0.1
2024-11-16 16:15:57,323 mloop.controllers    INFO     Run: 257
2024-11-16 16:15:57,326 mloop.controllers    INFO     params [ 5.66305132  6.17630455 -0.30013497 -0.02532319]
2024-11-16 16:15:57,372 mloop.controllers    INFO     cost 83.41151396769276 +/- 0.1
2024-11-16 16:15:57,372 mloop.controllers    INFO     Run: 258
2024-11-16 16:15:57,376 mloop.controllers    INFO     params [ 5.66304991  6.1763046  -0.30013538 -0.02532229]
2024-11-16 16:15:57,420 mloop.controllers    INFO     cost 83.41151396768387 +/- 0.1
2024-11-16 16:15:57,420 mloop.controllers    INFO     Run: 259
2024-11-16 16:15:57,420 mloop.controllers    INFO     params [ 5.66304978  6.17630507 -0.30013516 -0.02532279]
2024-11-16 16:15:57,484 mloop.controllers    INFO     cost 83.41151396768507 +/- 0.1
2024-11-16 16:15:57,485 mloop.controllers    INFO     Run: 260
2024-11-16 16:15:57,486 mloop.controllers    INFO     params [ 5.66304979  6.17630499 -0.30013597 -0.02532251]
2024-11-16 16:15:57,532 mloop.controllers    INFO     cost 83.41151396768592 +/- 0.1
2024-11-16 16:15:57,533 mloop.controllers    INFO     Run: 261
2024-11-16 16:15:57,535 mloop.controllers    INFO     params [ 5.6630502   6.17630469 -0.30013505 -0.02532264]
2024-11-16 16:15:57,596 mloop.controllers    INFO     cost 83.41151396768421 +/- 0.1
2024-11-16 16:15:57,596 mloop.controllers    INFO     Run: 262
2024-11-16 16:15:57,596 mloop.controllers    INFO     params [ 5.66305055  6.17630432 -0.3001355  -0.02532233]
2024-11-16 16:15:57,644 mloop.controllers    INFO     cost 83.41151396768532 +/- 0.1
2024-11-16 16:15:57,645 mloop.controllers    INFO     Run: 263
2024-11-16 16:15:57,645 mloop.controllers    INFO     params [ 5.66304998  6.17630488 -0.30013525 -0.02532268]
2024-11-16 16:15:57,691 mloop.controllers    INFO     cost 83.41151396768407 +/- 0.1
2024-11-16 16:15:57,691 mloop.controllers    INFO     Run: 264
2024-11-16 16:15:57,691 mloop.controllers    INFO     params [ 5.66305009  6.17630408 -0.30013513 -0.02532253]
2024-11-16 16:15:57,756 mloop.controllers    INFO     cost 83.41151396768487 +/- 0.1
2024-11-16 16:15:57,756 mloop.controllers    INFO     Run: 265
2024-11-16 16:15:57,756 mloop.controllers    INFO     params [ 5.6630501   6.17630435 -0.3001352  -0.02532255]
2024-11-16 16:15:57,803 mloop.controllers    INFO     cost 83.41151396768402 +/- 0.1
2024-11-16 16:15:57,803 mloop.controllers    INFO     Run: 266
2024-11-16 16:15:57,805 mloop.controllers    INFO     params [ 5.6630497   6.17630494 -0.30013499 -0.02532239]
2024-11-16 16:15:57,851 mloop.controllers    INFO     cost 83.41151396768501 +/- 0.1
2024-11-16 16:15:57,851 mloop.controllers    INFO     Run: 267
2024-11-16 16:15:57,851 mloop.controllers    INFO     params [ 5.66305022  6.17630448 -0.30013534 -0.02532262]
2024-11-16 16:15:57,915 mloop.controllers    INFO     cost 83.41151396768396 +/- 0.1
2024-11-16 16:15:57,915 mloop.controllers    INFO     Run: 268
2024-11-16 16:15:57,920 mloop.controllers    INFO     params [ 5.66304991  6.17630447 -0.30013553 -0.02532242]
2024-11-16 16:15:57,963 mloop.controllers    INFO     cost 83.41151396768394 +/- 0.1
2024-11-16 16:15:57,964 mloop.controllers    INFO     Run: 269
2024-11-16 16:15:57,964 mloop.controllers    INFO     params [ 5.6630501   6.17630407 -0.30013548 -0.02532226]
2024-11-16 16:15:58,012 mloop.controllers    INFO     cost 83.41151396768498 +/- 0.1
2024-11-16 16:15:58,012 mloop.controllers    INFO     Run: 270
2024-11-16 16:15:58,012 mloop.controllers    INFO     params [ 5.66305001  6.17630468 -0.30013531 -0.02532257]
2024-11-16 16:15:58,059 mloop.controllers    INFO     cost 83.4115139676837 +/- 0.1
2024-11-16 16:15:58,059 mloop.controllers    INFO     Run: 271
2024-11-16 16:15:58,066 mloop.controllers    INFO     params [ 5.66304992  6.17630476 -0.30013557 -0.0253224 ]
2024-11-16 16:15:58,106 mloop.controllers    INFO     cost 83.41151396768402 +/- 0.1
2024-11-16 16:15:58,107 mloop.controllers    INFO     Run: 272
2024-11-16 16:15:58,107 mloop.controllers    INFO     params [ 5.66305006  6.17630446 -0.3001353  -0.02532251]
2024-11-16 16:15:58,153 mloop.controllers    INFO     cost 83.41151396768377 +/- 0.1
2024-11-16 16:15:58,153 mloop.controllers    INFO     Run: 273
2024-11-16 16:15:58,155 mloop.controllers    INFO     params [ 5.66304972  6.17630463 -0.30013542 -0.02532228]
2024-11-16 16:15:58,201 mloop.controllers    INFO     cost 83.41151396768423 +/- 0.1
2024-11-16 16:15:58,201 mloop.controllers    INFO     Run: 274
2024-11-16 16:15:58,201 mloop.controllers    INFO     params [ 5.6630501   6.17630451 -0.30013536 -0.02532253]
2024-11-16 16:15:58,249 mloop.controllers    INFO     cost 83.41151396768372 +/- 0.1
2024-11-16 16:15:58,249 mloop.controllers    INFO     Run: 275
2024-11-16 16:15:58,249 mloop.controllers    INFO     params [ 5.66305013  6.17630466 -0.30013514 -0.02532253]
2024-11-16 16:15:58,296 mloop.controllers    INFO     cost 83.41151396768389 +/- 0.1
2024-11-16 16:15:58,296 mloop.controllers    INFO     Run: 276
2024-11-16 16:15:58,296 mloop.controllers    INFO     params [ 5.66305008  6.17630461 -0.30013524 -0.0253225 ]
2024-11-16 16:15:58,345 mloop.controllers    INFO     cost 83.41151396768373 +/- 0.1
2024-11-16 16:15:58,345 mloop.controllers    INFO     Run: 277
2024-11-16 16:15:58,346 mloop.controllers    INFO     params [ 5.66305021  6.17630453 -0.30013522 -0.02532278]
2024-11-16 16:15:58,409 mloop.controllers    INFO     cost 83.41151396768416 +/- 0.1
2024-11-16 16:15:58,409 mloop.controllers    INFO     Run: 278
2024-11-16 16:15:58,409 mloop.controllers    INFO     params [ 5.66304999  6.17630458 -0.30013534 -0.02532241]
2024-11-16 16:15:58,487 mloop.controllers    INFO     cost 83.4115139676837 +/- 0.1
2024-11-16 16:15:58,487 mloop.controllers    INFO     Run: 279
2024-11-16 16:15:58,489 mloop.controllers    INFO     params [ 5.66305002  6.17630474 -0.30013532 -0.02532249]
2024-11-16 16:15:58,535 mloop.controllers    INFO     cost 83.41151396768373 +/- 0.1
2024-11-16 16:15:58,535 mloop.controllers    INFO     Run: 280
2024-11-16 16:15:58,537 mloop.controllers    INFO     params [ 5.66305003  6.17630467 -0.30013532 -0.0253225 ]
2024-11-16 16:15:58,591 mloop.controllers    INFO     cost 83.41151396768367 +/- 0.1
2024-11-16 16:15:58,596 mloop.controllers    INFO     Run: 281
2024-11-16 16:15:58,597 mloop.controllers    INFO     params [ 5.66304999  6.17630461 -0.30013542 -0.0253225 ]
2024-11-16 16:15:58,647 mloop.controllers    INFO     cost 83.4115139676837 +/- 0.1
2024-11-16 16:15:58,648 mloop.controllers    INFO     Run: 282
2024-11-16 16:15:58,648 mloop.controllers    INFO     params [ 5.66304991  6.17630476 -0.30013534 -0.02532246]
2024-11-16 16:15:58,695 mloop.controllers    INFO     cost 83.4115139676838 +/- 0.1
2024-11-16 16:15:58,695 mloop.controllers    INFO     Run: 283
2024-11-16 16:15:58,695 mloop.controllers    INFO     params [ 5.66305005  6.17630457 -0.30013535 -0.02532252]
2024-11-16 16:15:58,742 mloop.controllers    INFO     cost 83.41151396768369 +/- 0.1
2024-11-16 16:15:58,742 mloop.controllers    INFO     Run: 284
2024-11-16 16:15:58,744 mloop.controllers    INFO     params [ 5.66305005  6.17630464 -0.30013523 -0.02532249]
2024-11-16 16:15:58,789 mloop.controllers    INFO     cost 83.41151396768373 +/- 0.1
2024-11-16 16:15:58,790 mloop.controllers    INFO     Run: 285
2024-11-16 16:15:58,790 mloop.controllers    INFO     params [ 5.66305     6.17630462 -0.30013538 -0.0253225 ]
2024-11-16 16:15:58,838 mloop.controllers    INFO     cost 83.41151396768367 +/- 0.1
2024-11-16 16:15:58,838 mloop.controllers    INFO     Run: 286
2024-11-16 16:15:58,838 mloop.controllers    INFO     params [ 5.66305006  6.17630469 -0.30013533 -0.02532264]
2024-11-16 16:15:58,886 mloop.controllers    INFO     cost 83.41151396768376 +/- 0.1
2024-11-16 16:15:58,887 mloop.controllers    INFO     Run: 287
2024-11-16 16:15:58,887 mloop.controllers    INFO     params [ 5.66305     6.17630461 -0.30013534 -0.02532247]
2024-11-16 16:15:58,933 mloop.controllers    INFO     cost 83.41151396768367 +/- 0.1
2024-11-16 16:15:58,933 mloop.controllers    INFO     Run: 288
2024-11-16 16:15:58,935 mloop.controllers    INFO     params [ 5.66305004  6.17630456 -0.30013539 -0.02532242]
2024-11-16 16:15:58,996 mloop.controllers    INFO     cost 83.4115139676837 +/- 0.1
2024-11-16 16:15:58,996 mloop.controllers    INFO     Run: 289
2024-11-16 16:15:58,996 mloop.controllers    INFO     params [ 5.66305001  6.17630465 -0.30013533 -0.02532253]
2024-11-16 16:15:59,060 mloop.controllers    INFO     cost 83.41151396768367 +/- 0.1
2024-11-16 16:15:59,060 mloop.controllers    INFO     Run: 290
2024-11-16 16:15:59,067 mloop.controllers    INFO     params [ 5.66304998  6.1763047  -0.30013533 -0.02532249]
2024-11-16 16:15:59,108 mloop.controllers    INFO     cost 83.4115139676837 +/- 0.1
2024-11-16 16:15:59,109 mloop.controllers    INFO     Run: 291
2024-11-16 16:15:59,110 mloop.controllers    INFO     params [ 5.66305003  6.1763046  -0.30013535 -0.02532251]
2024-11-16 16:15:59,157 mloop.controllers    INFO     cost 83.41151396768367 +/- 0.1
2024-11-16 16:15:59,165 mloop.controllers    INFO     Run: 292
2024-11-16 16:15:59,165 mloop.controllers    INFO     params [ 5.66305     6.17630467 -0.30013533 -0.02532249]
2024-11-16 16:15:59,222 mloop.controllers    INFO     cost 83.41151396768367 +/- 0.1
2024-11-16 16:15:59,222 mloop.controllers    INFO     Run: 293
2024-11-16 16:15:59,226 mloop.controllers    INFO     params [ 5.66305002  6.17630462 -0.30013534 -0.0253225 ]
2024-11-16 16:15:59,286 mloop.controllers    INFO     cost 83.41151396768367 +/- 0.1
2024-11-16 16:15:59,286 mloop.controllers    INFO     Run: 294
2024-11-16 16:15:59,286 mloop.controllers    INFO     params [ 5.66305002  6.17630464 -0.30013535 -0.0253225 ]
2024-11-16 16:15:59,333 mloop.controllers    INFO     cost 83.41151396768367 +/- 0.1
2024-11-16 16:15:59,336 mloop.controllers    INFO     Run: 295
2024-11-16 16:15:59,336 mloop.controllers    INFO     params [ 5.66305002  6.17630464 -0.30013533 -0.02532248]
2024-11-16 16:15:59,381 mloop.controllers    INFO     cost 83.41151396768367 +/- 0.1
2024-11-16 16:15:59,381 mloop.controllers    INFO     Run: 296
2024-11-16 16:15:59,383 mloop.controllers    INFO     params [ 5.66305002  6.17630466 -0.30013532 -0.02532252]
2024-11-16 16:15:59,435 mloop.controllers    INFO     cost 83.41151396768367 +/- 0.1
2024-11-16 16:15:59,435 mloop.controllers    INFO     Run: 297
2024-11-16 16:15:59,440 mloop.controllers    INFO     params [ 5.66305003  6.17630464 -0.30013533 -0.0253225 ]
2024-11-16 16:15:59,493 mloop.controllers    INFO     cost 83.41151396768367 +/- 0.1
2024-11-16 16:15:59,493 mloop.controllers    INFO     Run: 298
2024-11-16 16:15:59,496 mloop.controllers    INFO     params [ 5.66305001  6.17630467 -0.30013533 -0.0253225 ]
2024-11-16 16:15:59,557 mloop.controllers    INFO     cost 83.41151396768367 +/- 0.1
2024-11-16 16:15:59,558 mloop.controllers    INFO     Run: 299
2024-11-16 16:15:59,558 mloop.controllers    INFO     params [ 5.66305003  6.17630464 -0.30013533 -0.0253225 ]
2024-11-16 16:15:59,606 mloop.controllers    INFO     cost 83.41151396768367 +/- 0.1
2024-11-16 16:15:59,606 mloop.controllers    DEBUG    End controller loop.
2024-11-16 16:15:59,606 mloop.controllers    INFO     Controller finished. Closing down M-LOOP. Please wait a moment...
2024-11-16 16:15:59,606 mloop.controllers    DEBUG    Learner end event set.
2024-11-16 16:15:59,606 mloop.controllers    DEBUG    Interface end event set.
2024-11-16 16:15:59,606 mloop.learners.1     DEBUG    Learner end signal received. Ending
2024-11-16 16:16:00,616 mloop.interfaces     DEBUG    Interface ended
2024-11-16 16:16:00,616 mloop.learners.1     DEBUG    Performing shut down of learner.
2024-11-16 16:16:00,626 mloop.learners.1     INFO     Ended NelderØCMead
2024-11-16 16:16:00,626 mloop.controllers    DEBUG    Learner joined.
2024-11-16 16:16:00,626 mloop.controllers    DEBUG    Interface joined.
2024-11-16 16:16:00,649 mloop.controllers    INFO     Optimization ended because:
2024-11-16 16:16:00,649 mloop.controllers    INFO     	* Maximum number of runs reached.
2024-11-16 16:16:00,649 mloop.controllers    INFO     Results:
2024-11-16 16:16:00,656 mloop.controllers    INFO     	* Best parameters found: [ 5.66305003  6.17630467 -0.30013532 -0.0253225 ]
2024-11-16 16:16:00,656 mloop.controllers    INFO     	* Best cost returned: 83.41151396768367 +/- 0.1
2024-11-16 16:16:00,656 mloop.controllers    INFO     	* Best run index: 280
2024-11-16 16:16:00,656 mloop.controllers    INFO     M-LOOP Done.
